#
# A fatal error has been detected by the Java Runtime Environment:
#
#  EXCEPTION_ACCESS_VIOLATION (0xc0000005) at pc=0x00007ff8fe62fb05, pid=6912, tid=14320
#
# JRE version: OpenJDK Runtime Environment (21.0.8) (build 21.0.8+-14196175-b1038.72)
# Java VM: OpenJDK 64-Bit Server VM (21.0.8+-14196175-b1038.72, mixed mode, tiered, compressed oops, compressed class ptrs, g1 gc, windows-amd64)
# Problematic frame:
# V  [jvm.dll+0x5dfb05]
#
# No core dump will be written. Minidumps are not enabled by default on client versions of Windows
#
# If you would like to submit a bug report, please visit:
#   https://youtrack.jetbrains.com/issues/JBR
#

---------------  S U M M A R Y ------------

Command Line: --add-opens=java.base/java.lang=ALL-UNNAMED --add-opens=java.base/java.lang.invoke=ALL-UNNAMED --add-opens=java.base/java.util=ALL-UNNAMED --add-opens=java.prefs/java.util.prefs=ALL-UNNAMED --add-exports=jdk.compiler/com.sun.tools.javac.api=ALL-UNNAMED --add-exports=jdk.compiler/com.sun.tools.javac.util=ALL-UNNAMED --add-opens=java.base/java.util=ALL-UNNAMED --add-opens=java.prefs/java.util.prefs=ALL-UNNAMED --add-opens=java.base/java.nio.charset=ALL-UNNAMED --add-opens=java.base/java.net=ALL-UNNAMED --add-opens=java.base/java.util.concurrent.atomic=ALL-UNNAMED --add-opens=java.xml/javax.xml.namespace=ALL-UNNAMED -Xmx2048m -Dfile.encoding=UTF-8 -Duser.country=RU -Duser.language=ru -Duser.variant -javaagent:C:\Users\Ivan\.gradle\wrapper\dists\gradle-8.13-bin\5xuhj0ry160q40clulazy9h7d\gradle-8.13\lib\agents\gradle-instrumentation-agent-8.13.jar org.gradle.launcher.daemon.bootstrap.GradleDaemon 8.13

Host: AMD Athlon 300U with Radeon Vega Mobile Gfx    , 4 cores, 13G,  Windows 10 , 64 bit Build 19041 (10.0.19041.5915)
Time: Sun Mar  8 21:23:02 2026 elapsed time: 56.027198 seconds (0d 0h 0m 56s)

---------------  T H R E A D  ---------------

Current thread (0x000001d857dd46a0):  JavaThread "C2 CompilerThread1" daemon [_thread_in_native, id=14320, stack(0x0000004c49f00000,0x0000004c4a000000) (1024K)]


Current CompileTask:
C2:56027 4369       4       groovy.lang.MetaClassImpl$1MOPIter::methodNameAction (325 bytes)

Stack: [0x0000004c49f00000,0x0000004c4a000000],  sp=0x0000004c49ffc8f0,  free space=1010k
Native frames: (J=compiled Java code, j=interpreted, Vv=VM code, C=native code)
V  [jvm.dll+0x5dfb05]
V  [jvm.dll+0x5e0272]
V  [jvm.dll+0x1df7d0]
V  [jvm.dll+0x2493a4]
V  [jvm.dll+0x248821]
V  [jvm.dll+0x1c73a4]
V  [jvm.dll+0x257f9e]
V  [jvm.dll+0x2564e6]
V  [jvm.dll+0x3f4696]
V  [jvm.dll+0x80eac8]
V  [jvm.dll+0x6d512d]
C  [ucrtbase.dll+0x21bb2]
C  [KERNEL32.DLL+0x17374]
C  [ntdll.dll+0x4cc91]


siginfo: EXCEPTION_ACCESS_VIOLATION (0xc0000005), reading address 0x00007ff8feff0370


Registers:
RAX=0x000001d859045c20, RBX=0x0000000000000001, RCX=0x00007ff8feff0370, RDX=0x000001d85a58c280
RSP=0x0000004c49ffc8f0, RBP=0x0000000000000002, RSI=0x0000000000000000, RDI=0x000001d85a706698
R8 =0x00007ff8febf0370, R9 =0x0000000000000001, R10=0x000000000001f540, R11=0x0000000000000322
R12=0x000001d859045c10, R13=0x0000004c49ffcbd0, R14=0x0000000000000000, R15=0x000001d85b987560
RIP=0x00007ff8fe62fb05, EFLAGS=0x0000000000010202

XMM[0]=0x0000000000000000 0x0000000000000000
XMM[1]=0x0554953fa76d2016 0x40055423888844d0
XMM[2]=0xfffffffffc0c1603 0x2aa11251428a88a8
XMM[3]=0x000001d85a796a90 0x000001d85a798018
XMM[4]=0x000001d85a793840 0x000001d85a793b10
XMM[5]=0xffffffffffffffff 0xffffffffffffffff
XMM[6]=0x0000000000000000 0x0000000000000000
XMM[7]=0x0000000000000000 0x0000000000000000
XMM[8]=0x0000000000000000 0x0000000000000000
XMM[9]=0x0000000000000000 0x0000000000000000
XMM[10]=0x0000000000000000 0x0000000000000000
XMM[11]=0x0000000000000000 0x0000000000000000
XMM[12]=0x0000000000000000 0x0000000000000000
XMM[13]=0x0000000000000000 0x0000000000000000
XMM[14]=0x0000000000000000 0x0000000000000000
XMM[15]=0x0000000000000000 0x0000000000000000
  MXCSR=0x00001fa0


Register to memory mapping:

RAX=0x000001d859045c20 points into unknown readable memory: 0x00007ff8feff0370 | 70 03 ff fe f8 7f 00 00
RBX=0x0000000000000001 is an unknown value
RCX=0x00007ff8feff0370 is an unknown value
RDX=0x000001d85a58c280 points into unknown readable memory: 0x0000000000000002 | 02 00 00 00 00 00 00 00
RSP=0x0000004c49ffc8f0 is pointing into the stack for thread: 0x000001d857dd46a0
RBP=0x0000000000000002 is an unknown value
RSI=0x0 is null
RDI=0x000001d85a706698 points into unknown readable memory: 0x0000000000000000 | 00 00 00 00 00 00 00 00
R8 =0x00007ff8febf0370 jvm.dll
R9 =0x0000000000000001 is an unknown value
R10=0x000000000001f540 is an unknown value
R11=0x0000000000000322 is an unknown value
R12=0x000001d859045c10 points into unknown readable memory: 0x0000000000000000 | 00 00 00 00 00 00 00 00
R13=0x0000004c49ffcbd0 is pointing into the stack for thread: 0x000001d857dd46a0
R14=0x0 is null
R15=0x000001d85b987560 points into unknown readable memory: 0x0000000100000001 | 01 00 00 00 01 00 00 00

Top of Stack: (sp=0x0000004c49ffc8f0)
0x0000004c49ffc8f0:   0000000000000001 000001d85a706698
0x0000004c49ffc900:   0000004c49ffe3d0 000001d85a706e18
0x0000004c49ffc910:   000060000000000e 0000000100000001
0x0000004c49ffc920:   0000000100000001 000001d85a58c2c0
0x0000004c49ffc930:   000001d85a706c48 000001d85a706c38
0x0000004c49ffc940:   000001d859044090 000001d8591aba80
0x0000004c49ffc950:   0000000000000000 000001d85a706c38
0x0000004c49ffc960:   0000000000000001 0000000000000008
0x0000004c49ffc970:   0000004c49ffcbd0 0000004c49ffca39
0x0000004c49ffc980:   000001d8591ab7b0 00007ff8fe630272
0x0000004c49ffc990:   000001d859045c10 0000004c49ffc9d0
0x0000004c49ffc9a0:   000001d8591aba80 0000000000000000
0x0000004c49ffc9b0:   0000004c49ffca28 00007ff8fe872190
0x0000004c49ffc9c0:   000001d859d78368 0000000000000008
0x0000004c49ffc9d0:   000001d800000020 000001d857f79be0
0x0000004c49ffc9e0:   000001d85a709e88 000001d800000000
0x0000004c49ffc9f0:   000001d856358174 000001d856358160
0x0000004c49ffca00:   000001d857f79be0 000001d85a327c00
0x0000004c49ffca10:   00000000000f6388 000001d85a329590
0x0000004c49ffca20:   000001d85a32fbe8 0000004c00000020
0x0000004c49ffca30:   000001d85a70a168 00007ff800000020
0x0000004c49ffca40:   000001d857f79be0 0000000000000000
0x0000004c49ffca50:   0000000000000001 000001d8572cc290
0x0000004c49ffca60:   00000000000003d8 000001d8572cc678
0x0000004c49ffca70:   000001d8572cc2a0 0000000000000000
0x0000004c49ffca80:   0000004c49ffcfc0 0000004c49ffcee0
0x0000004c49ffca90:   0000004c49ffcba0 00007ff8fe22f7d0
0x0000004c49ffcaa0:   0000004c0000001d 0000004c00000004
0x0000004c49ffcab0:   000001d8591ab7b0 000001d85a706c38
0x0000004c49ffcac0:   000001d857f79b00 0000000000007fd8
0x0000004c49ffcad0:   0000000000000007 000001d8572cc290
0x0000004c49ffcae0:   000001d85a5883b0 000001d85a58c380 

Instructions: (pc=0x00007ff8fe62fb05)
0x00007ff8fe62fa05:   3e 00 0f 84 6e 01 00 00 48 8b 46 08 4c 8d 05 58
0x00007ff8fe62fa15:   09 5c 00 8b 4e 04 33 d2 4c 8b a4 24 a0 00 00 00
0x00007ff8fe62fa25:   8b da 48 89 54 24 20 89 54 24 28 48 89 54 24 38
0x00007ff8fe62fa35:   48 89 44 24 40 48 c7 44 24 2c 04 00 00 00 89 4c
0x00007ff8fe62fa45:   24 34 48 89 74 24 48 4c 89 74 24 60 48 85 d2 74
0x00007ff8fe62fa55:   19 48 0f bc c2 8b c8 48 d3 ea 48 ff ca 03 d8 48
0x00007ff8fe62fa65:   89 54 24 20 89 5c 24 28 eb 28 83 7c 24 2c 04 72
0x00007ff8fe62fa75:   0e 8b 44 24 34 39 44 24 30 0f 83 da 00 00 00 48
0x00007ff8fe62fa85:   8d 4c 24 20 e8 92 eb dd ff 8b d8 4c 8d 05 d9 08
0x00007ff8fe62fa95:   5c 00 85 db 0f 84 bf 00 00 00 8b c3 48 c1 e8 08
0x00007ff8fe62faa5:   8b f3 4c 8d 34 c5 00 00 00 00 49 8b 47 08 49 8b
0x00007ff8fe62fab5:   14 06 49 3b d0 75 14 8b d3 49 8b cf e8 1a ed dd
0x00007ff8fe62fac5:   ff 48 8b d0 4c 8d 05 a0 08 5c 00 40 0f b6 ce bd
0x00007ff8fe62fad5:   01 00 00 00 48 c1 ee 06 80 e1 3f 83 e6 03 48 d3
0x00007ff8fe62fae5:   e5 48 8b 0c f2 48 8b c1 48 0b c5 48 89 04 f2 48
0x00007ff8fe62faf5:   85 cd 75 47 41 ff 07 49 8b 44 24 08 4a 8b 0c 30
0x00007ff8fe62fb05:   48 85 2c f1 75 35 48 8b 47 08 49 8b 14 06 49 3b
0x00007ff8fe62fb15:   d0 75 14 8b d3 48 8b cf e8 be ec dd ff 48 8b d0
0x00007ff8fe62fb25:   4c 8d 05 44 08 5c 00 48 8b 0c f2 48 8b c1 48 0b
0x00007ff8fe62fb35:   c5 48 89 04 f2 48 85 cd 74 0f 90 8b 5c 24 28 48
0x00007ff8fe62fb45:   8b 54 24 20 e9 03 ff ff ff ff 07 8b 5c 24 28 48
0x00007ff8fe62fb55:   8b 54 24 20 e9 f3 fe ff ff 4c 8b a4 24 b0 00 00
0x00007ff8fe62fb65:   00 48 8b 9c 24 b8 00 00 00 48 8b ac 24 a8 00 00
0x00007ff8fe62fb75:   00 4c 8b 74 24 60 83 3f 00 4c 8b 7c 24 58 48 8b
0x00007ff8fe62fb85:   74 24 68 74 52 41 8b 4c 24 4c 49 8b 45 28 ff c9
0x00007ff8fe62fb95:   48 89 3c c8 48 85 db 75 4d 41 8b 4c 24 4c 8b c1
0x00007ff8fe62fba5:   4c 8b 84 24 c0 00 00 00 c1 e8 05 41 3b 00 73 36
0x00007ff8fe62fbb5:   8b d0 83 e1 1f 49 8b 40 08 8b 04 90 0f a3 c8 73
0x00007ff8fe62fbc5:   25 49 8b d4 48 8b cd 48 83 c4 70 41 5d 41 5c 5f
0x00007ff8fe62fbd5:   5d 5b e9 f4 02 b6 ff 49 8b 45 30 48 89 87 98 00
0x00007ff8fe62fbe5:   00 00 49 89 7d 30 48 83 c4 70 41 5d 41 5c 5f 5d
0x00007ff8fe62fbf5:   5b c3 cc cc cc cc cc cc cc cc cc 40 55 53 56 57 


Stack slot to memory mapping:

stack at sp + 0 slots: 0x0000000000000001 is an unknown value
stack at sp + 1 slots: 0x000001d85a706698 points into unknown readable memory: 0x0000000000000000 | 00 00 00 00 00 00 00 00
stack at sp + 2 slots: 0x0000004c49ffe3d0 is pointing into the stack for thread: 0x000001d857dd46a0
stack at sp + 3 slots: 0x000001d85a706e18 points into unknown readable memory: 0x000000040000001a | 1a 00 00 00 04 00 00 00
stack at sp + 4 slots: 0x000060000000000e is an unknown value
stack at sp + 5 slots: 0x0000000100000001 is pointing into metadata
stack at sp + 6 slots: 0x0000000100000001 is pointing into metadata
stack at sp + 7 slots: 0x000001d85a58c2c0 points into unknown readable memory: 0x0000c0000000001e | 1e 00 00 00 00 c0 00 00


---------------  P R O C E S S  ---------------

Threads class SMR info:
_java_thread_list=0x000001d8576c22b0, length=34, elements={
0x000001d8381016e0, 0x000001d8514618e0, 0x000001d85149fd60, 0x000001d8514a07c0,
0x000001d85146c460, 0x000001d85146ced0, 0x000001d85146d930, 0x000001d85146e390,
0x000001d85148c8b0, 0x000001d8514acd70, 0x000001d851717330, 0x000001d85721aad0,
0x000001d8571c1f70, 0x000001d8571c15a0, 0x000001d857121b50, 0x000001d857122590,
0x000001d85725e350, 0x000001d857253510, 0x000001d857271600, 0x000001d857272320,
0x000001d85726eea0, 0x000001d857271c90, 0x000001d8572708e0, 0x000001d85726f530,
0x000001d857270f70, 0x000001d857270250, 0x000001d85191e700, 0x000001d85191d350,
0x000001d85191ccc0, 0x000001d85191b910, 0x000001d85191ed90, 0x000001d85191b280,
0x000001d85191e070, 0x000001d857dd46a0
}

Java Threads: ( => current thread )
  0x000001d8381016e0 JavaThread "main"                              [_thread_blocked, id=11108, stack(0x0000004c47100000,0x0000004c47200000) (1024K)]
  0x000001d8514618e0 JavaThread "Common-Cleaner"             daemon [_thread_blocked, id=1888, stack(0x0000004c47a00000,0x0000004c47b00000) (1024K)]
  0x000001d85149fd60 JavaThread "Reference Handler"          daemon [_thread_blocked, id=3384, stack(0x0000004c47b00000,0x0000004c47c00000) (1024K)]
  0x000001d8514a07c0 JavaThread "Finalizer"                  daemon [_thread_blocked, id=10300, stack(0x0000004c47c00000,0x0000004c47d00000) (1024K)]
  0x000001d85146c460 JavaThread "Signal Dispatcher"          daemon [_thread_blocked, id=1892, stack(0x0000004c47d00000,0x0000004c47e00000) (1024K)]
  0x000001d85146ced0 JavaThread "Attach Listener"            daemon [_thread_blocked, id=3420, stack(0x0000004c47e00000,0x0000004c47f00000) (1024K)]
  0x000001d85146d930 JavaThread "Service Thread"             daemon [_thread_blocked, id=1800, stack(0x0000004c47f00000,0x0000004c48000000) (1024K)]
  0x000001d85146e390 JavaThread "Monitor Deflation Thread"   daemon [_thread_blocked, id=1808, stack(0x0000004c48000000,0x0000004c48100000) (1024K)]
  0x000001d85148c8b0 JavaThread "C2 CompilerThread0"         daemon [_thread_in_native, id=7724, stack(0x0000004c48100000,0x0000004c48200000) (1024K)]
  0x000001d8514acd70 JavaThread "C1 CompilerThread0"         daemon [_thread_blocked, id=8652, stack(0x0000004c48200000,0x0000004c48300000) (1024K)]
  0x000001d851717330 JavaThread "Notification Thread"        daemon [_thread_blocked, id=11752, stack(0x0000004c48300000,0x0000004c48400000) (1024K)]
  0x000001d85721aad0 JavaThread "Daemon health stats"               [_thread_blocked, id=6980, stack(0x0000004c48700000,0x0000004c48800000) (1024K)]
  0x000001d8571c1f70 JavaThread "Incoming local TCP Connector on port 49921"        [_thread_in_native, id=6376, stack(0x0000004c48800000,0x0000004c48900000) (1024K)]
  0x000001d8571c15a0 JavaThread "Daemon periodic checks"            [_thread_blocked, id=1212, stack(0x0000004c48a00000,0x0000004c48b00000) (1024K)]
  0x000001d857121b50 JavaThread "Daemon"                            [_thread_blocked, id=1612, stack(0x0000004c48b00000,0x0000004c48c00000) (1024K)]
  0x000001d857122590 JavaThread "Handler for socket connection from /127.0.0.1:49921 to /127.0.0.1:49922"        [_thread_in_native, id=9792, stack(0x0000004c48c00000,0x0000004c48d00000) (1024K)]
  0x000001d85725e350 JavaThread "Cancel handler"                    [_thread_blocked, id=10632, stack(0x0000004c48d00000,0x0000004c48e00000) (1024K)]
  0x000001d857253510 JavaThread "Daemon worker"                     [_thread_in_vm, id=6940, stack(0x0000004c48e00000,0x0000004c48f00000) (1024K)]
  0x000001d857271600 JavaThread "Asynchronous log dispatcher for DefaultDaemonConnection: socket connection from /127.0.0.1:49921 to /127.0.0.1:49922"        [_thread_blocked, id=6800, stack(0x0000004c48f00000,0x0000004c49000000) (1024K)]
  0x000001d857272320 JavaThread "Stdin handler"                     [_thread_blocked, id=3184, stack(0x0000004c49000000,0x0000004c49100000) (1024K)]
  0x000001d85726eea0 JavaThread "Daemon client event forwarder"        [_thread_blocked, id=7000, stack(0x0000004c49100000,0x0000004c49200000) (1024K)]
  0x000001d857271c90 JavaThread "Cache worker for journal cache (C:\Users\Ivan\.gradle\caches\journal-1)"        [_thread_blocked, id=11956, stack(0x0000004c48900000,0x0000004c48a00000) (1024K)]
  0x000001d8572708e0 JavaThread "File lock request listener"        [_thread_in_native, id=12820, stack(0x0000004c49200000,0x0000004c49300000) (1024K)]
  0x000001d85726f530 JavaThread "Cache worker for file hash cache (C:\Users\Ivan\.gradle\caches\8.13\fileHashes)"        [_thread_blocked, id=4420, stack(0x0000004c49400000,0x0000004c49500000) (1024K)]
  0x000001d857270f70 JavaThread "Cache worker for file hash cache (D:\Projects\Rythm-Music\.gradle\8.13\fileHashes)"        [_thread_blocked, id=7328, stack(0x0000004c49500000,0x0000004c49600000) (1024K)]
  0x000001d857270250 JavaThread "Cache worker for Build Output Cleanup Cache (D:\Projects\Rythm-Music\.gradle\buildOutputCleanup)"        [_thread_blocked, id=10616, stack(0x0000004c49600000,0x0000004c49700000) (1024K)]
  0x000001d85191e700 JavaThread "File watcher server"        daemon [_thread_in_native, id=14272, stack(0x0000004c49800000,0x0000004c49900000) (1024K)]
  0x000001d85191d350 JavaThread "File watcher consumer"      daemon [_thread_blocked, id=14276, stack(0x0000004c49900000,0x0000004c49a00000) (1024K)]
  0x000001d85191ccc0 JavaThread "jar transforms"                    [_thread_blocked, id=14288, stack(0x0000004c49b00000,0x0000004c49c00000) (1024K)]
  0x000001d85191b910 JavaThread "jar transforms Thread 2"           [_thread_blocked, id=14292, stack(0x0000004c49c00000,0x0000004c49d00000) (1024K)]
  0x000001d85191ed90 JavaThread "Cache worker for checksums cache (D:\Projects\Rythm-Music\.gradle\8.13\checksums)"        [_thread_blocked, id=14304, stack(0x0000004c49d00000,0x0000004c49e00000) (1024K)]
  0x000001d85191b280 JavaThread "Cache worker for file content cache (C:\Users\Ivan\.gradle\caches\8.13\fileContent)"        [_thread_blocked, id=14312, stack(0x0000004c49e00000,0x0000004c49f00000) (1024K)]
  0x000001d85191e070 JavaThread "jar transforms Thread 3"           [_thread_blocked, id=14316, stack(0x0000004c49a00000,0x0000004c49b00000) (1024K)]
=>0x000001d857dd46a0 JavaThread "C2 CompilerThread1"         daemon [_thread_in_native, id=14320, stack(0x0000004c49f00000,0x0000004c4a000000) (1024K)]
Total: 34

Other Threads:
  0x000001d85129e3e0 VMThread "VM Thread"                           [id=11548, stack(0x0000004c47800000,0x0000004c47900000) (1024K)]
  0x000001d8512506e0 WatcherThread "VM Periodic Task Thread"        [id=11544, stack(0x0000004c47700000,0x0000004c47800000) (1024K)]
  0x000001d83a464d50 WorkerThread "GC Thread#0"                     [id=10276, stack(0x0000004c47200000,0x0000004c47300000) (1024K)]
  0x000001d8518746e0 WorkerThread "GC Thread#1"                     [id=4552, stack(0x0000004c48400000,0x0000004c48500000) (1024K)]
  0x000001d851879660 WorkerThread "GC Thread#2"                     [id=8452, stack(0x0000004c48500000,0x0000004c48600000) (1024K)]
  0x000001d851879a00 WorkerThread "GC Thread#3"                     [id=6852, stack(0x0000004c48600000,0x0000004c48700000) (1024K)]
  0x000001d83a476c60 ConcurrentGCThread "G1 Main Marker"            [id=11084, stack(0x0000004c47300000,0x0000004c47400000) (1024K)]
  0x000001d83a477cb0 WorkerThread "G1 Conc#0"                       [id=13180, stack(0x0000004c47400000,0x0000004c47500000) (1024K)]
  0x000001d851128620 ConcurrentGCThread "G1 Refine#0"               [id=8292, stack(0x0000004c47500000,0x0000004c47600000) (1024K)]
  0x000001d851128e40 ConcurrentGCThread "G1 Service"                [id=8304, stack(0x0000004c47600000,0x0000004c47700000) (1024K)]
Total: 10

Threads with active compile tasks:
C2 CompilerThread0  56098 4393 % !   4       java.util.jar.Attributes::read @ 214 (494 bytes)
C2 CompilerThread1  56098 4369       4       groovy.lang.MetaClassImpl$1MOPIter::methodNameAction (325 bytes)
Total: 2

VM state: not at safepoint (normal execution)

VM Mutex/Monitor currently owned by a thread: None

Heap address: 0x0000000080000000, size: 2048 MB, Compressed Oops mode: 32-bit

CDS archive(s) not mapped
Compressed class space mapped at: 0x0000000100000000-0x0000000140000000, reserved size: 1073741824
Narrow klass base: 0x0000000000000000, Narrow klass shift: 3, Narrow klass range: 0x140000000

GC Precious Log:
 CardTable entry size: 512
 Card Set container configuration: InlinePtr #cards 5 size 8 Array Of Cards #cards 12 size 40 Howl #buckets 4 coarsen threshold 1843 Howl Bitmap #cards 512 size 80 coarsen threshold 460 Card regions per heap region 1 cards per card region 2048
 CPUs: 4 total, 4 available
 Memory: 14278M
 Large Page Support: Disabled
 NUMA Support: Disabled
 Compressed Oops: Enabled (32-bit)
 Heap Region Size: 1M
 Heap Min Capacity: 8M
 Heap Initial Capacity: 224M
 Heap Max Capacity: 2G
 Pre-touch: Disabled
 Parallel Workers: 4
 Concurrent Workers: 1
 Concurrent Refinement Workers: 4
 Periodic GC: Disabled

Heap:
 garbage-first heap   total 71680K, used 48384K [0x0000000080000000, 0x0000000100000000)
  region size 1024K, 14 young (14336K), 2 survivors (2048K)
 Metaspace       used 47279K, committed 48256K, reserved 1114112K
  class space    used 6387K, committed 6848K, reserved 1048576K

Heap Regions: E=young(eden), S=young(survivor), O=old, HS=humongous(starts), HC=humongous(continues), CS=collection set, F=free, TAMS=top-at-mark-start, PB=parsable bottom
|   0|0x0000000080000000, 0x0000000080100000, 0x0000000080100000|100%|HS|  |TAMS 0x0000000080000000| PB 0x0000000080000000| Complete 
|   1|0x0000000080100000, 0x0000000080200000, 0x0000000080200000|100%|HC|  |TAMS 0x0000000080100000| PB 0x0000000080100000| Complete 
|   2|0x0000000080200000, 0x0000000080300000, 0x0000000080300000|100%|HC|  |TAMS 0x0000000080200000| PB 0x0000000080200000| Complete 
|   3|0x0000000080300000, 0x0000000080400000, 0x0000000080400000|100%| O|  |TAMS 0x0000000080300000| PB 0x0000000080300000| Untracked 
|   4|0x0000000080400000, 0x0000000080500000, 0x0000000080500000|100%| O|  |TAMS 0x0000000080400000| PB 0x0000000080400000| Untracked 
|   5|0x0000000080500000, 0x0000000080600000, 0x0000000080600000|100%| O|  |TAMS 0x0000000080500000| PB 0x0000000080500000| Untracked 
|   6|0x0000000080600000, 0x0000000080700000, 0x0000000080700000|100%| O|  |TAMS 0x0000000080600000| PB 0x0000000080600000| Untracked 
|   7|0x0000000080700000, 0x0000000080800000, 0x0000000080800000|100%|HS|  |TAMS 0x0000000080700000| PB 0x0000000080700000| Complete 
|   8|0x0000000080800000, 0x0000000080900000, 0x0000000080900000|100%| O|  |TAMS 0x0000000080800000| PB 0x0000000080800000| Untracked 
|   9|0x0000000080900000, 0x0000000080a00000, 0x0000000080a00000|100%| O|  |TAMS 0x0000000080900000| PB 0x0000000080900000| Untracked 
|  10|0x0000000080a00000, 0x0000000080b00000, 0x0000000080b00000|100%| O|  |TAMS 0x0000000080a00000| PB 0x0000000080a00000| Untracked 
|  11|0x0000000080b00000, 0x0000000080c00000, 0x0000000080c00000|100%| O|  |TAMS 0x0000000080b00000| PB 0x0000000080b00000| Untracked 
|  12|0x0000000080c00000, 0x0000000080d00000, 0x0000000080d00000|100%| O|  |TAMS 0x0000000080c00000| PB 0x0000000080c00000| Untracked 
|  13|0x0000000080d00000, 0x0000000080e00000, 0x0000000080e00000|100%| O|  |TAMS 0x0000000080d00000| PB 0x0000000080d00000| Untracked 
|  14|0x0000000080e00000, 0x0000000080f00000, 0x0000000080f00000|100%| O|  |TAMS 0x0000000080e00000| PB 0x0000000080e00000| Untracked 
|  15|0x0000000080f00000, 0x0000000081000000, 0x0000000081000000|100%| O|  |TAMS 0x0000000080f00000| PB 0x0000000080f00000| Untracked 
|  16|0x0000000081000000, 0x0000000081100000, 0x0000000081100000|100%| O|  |TAMS 0x0000000081000000| PB 0x0000000081000000| Untracked 
|  17|0x0000000081100000, 0x0000000081200000, 0x0000000081200000|100%| O|  |TAMS 0x0000000081100000| PB 0x0000000081100000| Untracked 
|  18|0x0000000081200000, 0x0000000081300000, 0x0000000081300000|100%| O|  |TAMS 0x0000000081200000| PB 0x0000000081200000| Untracked 
|  19|0x0000000081300000, 0x0000000081400000, 0x0000000081400000|100%| O|  |TAMS 0x0000000081300000| PB 0x0000000081300000| Untracked 
|  20|0x0000000081400000, 0x0000000081400000, 0x0000000081500000|  0%| F|  |TAMS 0x0000000081400000| PB 0x0000000081400000| Untracked 
|  21|0x0000000081500000, 0x0000000081600000, 0x0000000081600000|100%| O|Cm|TAMS 0x0000000081500000| PB 0x0000000081500000| Complete 
|  22|0x0000000081600000, 0x0000000081700000, 0x0000000081700000|100%| O|  |TAMS 0x0000000081600000| PB 0x0000000081600000| Untracked 
|  23|0x0000000081700000, 0x0000000081800000, 0x0000000081800000|100%| O|  |TAMS 0x0000000081700000| PB 0x0000000081700000| Untracked 
|  24|0x0000000081800000, 0x0000000081900000, 0x0000000081900000|100%| O|  |TAMS 0x0000000081800000| PB 0x0000000081800000| Untracked 
|  25|0x0000000081900000, 0x0000000081a00000, 0x0000000081a00000|100%| O|  |TAMS 0x0000000081900000| PB 0x0000000081900000| Untracked 
|  26|0x0000000081a00000, 0x0000000081b00000, 0x0000000081b00000|100%| O|  |TAMS 0x0000000081a00000| PB 0x0000000081a00000| Untracked 
|  27|0x0000000081b00000, 0x0000000081c00000, 0x0000000081c00000|100%| O|  |TAMS 0x0000000081b00000| PB 0x0000000081b00000| Untracked 
|  28|0x0000000081c00000, 0x0000000081d00000, 0x0000000081d00000|100%|HS|  |TAMS 0x0000000081c00000| PB 0x0000000081c00000| Complete 
|  29|0x0000000081d00000, 0x0000000081e00000, 0x0000000081e00000|100%|HC|  |TAMS 0x0000000081d00000| PB 0x0000000081d00000| Complete 
|  30|0x0000000081e00000, 0x0000000081f00000, 0x0000000081f00000|100%| O|  |TAMS 0x0000000081e00000| PB 0x0000000081e00000| Untracked 
|  31|0x0000000081f00000, 0x0000000081ffe970, 0x0000000082000000| 99%| O|  |TAMS 0x0000000081f00000| PB 0x0000000081f00000| Untracked 
|  32|0x0000000082000000, 0x0000000082000000, 0x0000000082100000|  0%| F|  |TAMS 0x0000000082000000| PB 0x0000000082000000| Untracked 
|  33|0x0000000082100000, 0x0000000082200000, 0x0000000082200000|100%| O|  |TAMS 0x0000000082100000| PB 0x0000000082100000| Untracked 
|  34|0x0000000082200000, 0x0000000082300000, 0x0000000082300000|100%| O|  |TAMS 0x0000000082200000| PB 0x0000000082200000| Untracked 
|  35|0x0000000082300000, 0x0000000082400000, 0x0000000082400000|100%|HS|  |TAMS 0x0000000082300000| PB 0x0000000082300000| Complete 
|  36|0x0000000082400000, 0x0000000082500000, 0x0000000082500000|100%|HC|  |TAMS 0x0000000082400000| PB 0x0000000082400000| Complete 
|  37|0x0000000082500000, 0x0000000082500000, 0x0000000082600000|  0%| F|  |TAMS 0x0000000082500000| PB 0x0000000082500000| Untracked 
|  38|0x0000000082600000, 0x0000000082600000, 0x0000000082700000|  0%| F|  |TAMS 0x0000000082600000| PB 0x0000000082600000| Untracked 
|  39|0x0000000082700000, 0x0000000082700000, 0x0000000082800000|  0%| F|  |TAMS 0x0000000082700000| PB 0x0000000082700000| Untracked 
|  40|0x0000000082800000, 0x0000000082800000, 0x0000000082900000|  0%| F|  |TAMS 0x0000000082800000| PB 0x0000000082800000| Untracked 
|  41|0x0000000082900000, 0x0000000082900000, 0x0000000082a00000|  0%| F|  |TAMS 0x0000000082900000| PB 0x0000000082900000| Untracked 
|  42|0x0000000082a00000, 0x0000000082a00000, 0x0000000082b00000|  0%| F|  |TAMS 0x0000000082a00000| PB 0x0000000082a00000| Untracked 
|  43|0x0000000082b00000, 0x0000000082b00000, 0x0000000082c00000|  0%| F|  |TAMS 0x0000000082b00000| PB 0x0000000082b00000| Untracked 
|  44|0x0000000082c00000, 0x0000000082c00000, 0x0000000082d00000|  0%| F|  |TAMS 0x0000000082c00000| PB 0x0000000082c00000| Untracked 
|  45|0x0000000082d00000, 0x0000000082d00000, 0x0000000082e00000|  0%| F|  |TAMS 0x0000000082d00000| PB 0x0000000082d00000| Untracked 
|  46|0x0000000082e00000, 0x0000000082e00000, 0x0000000082f00000|  0%| F|  |TAMS 0x0000000082e00000| PB 0x0000000082e00000| Untracked 
|  47|0x0000000082f00000, 0x0000000082f00000, 0x0000000083000000|  0%| F|  |TAMS 0x0000000082f00000| PB 0x0000000082f00000| Untracked 
|  48|0x0000000083000000, 0x0000000083000000, 0x0000000083100000|  0%| F|  |TAMS 0x0000000083000000| PB 0x0000000083000000| Untracked 
|  49|0x0000000083100000, 0x0000000083100000, 0x0000000083200000|  0%| F|  |TAMS 0x0000000083100000| PB 0x0000000083100000| Untracked 
|  50|0x0000000083200000, 0x0000000083200000, 0x0000000083300000|  0%| F|  |TAMS 0x0000000083200000| PB 0x0000000083200000| Untracked 
|  51|0x0000000083300000, 0x0000000083300000, 0x0000000083400000|  0%| F|  |TAMS 0x0000000083300000| PB 0x0000000083300000| Untracked 
|  52|0x0000000083400000, 0x0000000083400000, 0x0000000083500000|  0%| F|  |TAMS 0x0000000083400000| PB 0x0000000083400000| Untracked 
|  53|0x0000000083500000, 0x0000000083500000, 0x0000000083600000|  0%| F|  |TAMS 0x0000000083500000| PB 0x0000000083500000| Untracked 
|  54|0x0000000083600000, 0x0000000083600000, 0x0000000083700000|  0%| F|  |TAMS 0x0000000083600000| PB 0x0000000083600000| Untracked 
| 118|0x0000000087600000, 0x0000000087600000, 0x0000000087700000|  0%| F|  |TAMS 0x0000000087600000| PB 0x0000000087600000| Untracked 
| 119|0x0000000087700000, 0x0000000087780000, 0x0000000087800000| 50%| E|  |TAMS 0x0000000087700000| PB 0x0000000087700000| Complete 
| 120|0x0000000087800000, 0x00000000878416e0, 0x0000000087900000| 25%| S|CS|TAMS 0x0000000087800000| PB 0x0000000087800000| Complete 
| 121|0x0000000087900000, 0x0000000087a00000, 0x0000000087a00000|100%| S|CS|TAMS 0x0000000087900000| PB 0x0000000087900000| Complete 
| 122|0x0000000087a00000, 0x0000000087b00000, 0x0000000087b00000|100%| E|CS|TAMS 0x0000000087a00000| PB 0x0000000087a00000| Complete 
| 123|0x0000000087b00000, 0x0000000087c00000, 0x0000000087c00000|100%| E|CS|TAMS 0x0000000087b00000| PB 0x0000000087b00000| Complete 
| 124|0x0000000087c00000, 0x0000000087d00000, 0x0000000087d00000|100%| E|CS|TAMS 0x0000000087c00000| PB 0x0000000087c00000| Complete 
| 125|0x0000000087d00000, 0x0000000087e00000, 0x0000000087e00000|100%| E|CS|TAMS 0x0000000087d00000| PB 0x0000000087d00000| Complete 
| 126|0x0000000087e00000, 0x0000000087f00000, 0x0000000087f00000|100%| E|CS|TAMS 0x0000000087e00000| PB 0x0000000087e00000| Complete 
| 127|0x0000000087f00000, 0x0000000088000000, 0x0000000088000000|100%| E|CS|TAMS 0x0000000087f00000| PB 0x0000000087f00000| Complete 
| 128|0x0000000088000000, 0x0000000088100000, 0x0000000088100000|100%| E|CS|TAMS 0x0000000088000000| PB 0x0000000088000000| Complete 
| 129|0x0000000088100000, 0x0000000088200000, 0x0000000088200000|100%| E|CS|TAMS 0x0000000088100000| PB 0x0000000088100000| Complete 
| 130|0x0000000088200000, 0x0000000088300000, 0x0000000088300000|100%| E|CS|TAMS 0x0000000088200000| PB 0x0000000088200000| Complete 
| 222|0x000000008de00000, 0x000000008df00000, 0x000000008df00000|100%| E|CS|TAMS 0x000000008de00000| PB 0x000000008de00000| Complete 
| 223|0x000000008df00000, 0x000000008e000000, 0x000000008e000000|100%| E|CS|TAMS 0x000000008df00000| PB 0x000000008df00000| Complete 

Card table byte_map: [0x000001d84c970000,0x000001d84cd70000] _byte_map_base: 0x000001d84c570000

Marking Bits: (CMBitMap*) 0x000001d83a466210
 Bits: [0x000001d84cd70000, 0x000001d84ed70000)

Polling page: 0x000001d8383e0000

Metaspace:

Usage:
  Non-class:     39.93 MB used.
      Class:      6.24 MB used.
       Both:     46.17 MB used.

Virtual space:
  Non-class space:       64.00 MB reserved,      40.44 MB ( 63%) committed,  1 nodes.
      Class space:        1.00 GB reserved,       6.69 MB ( <1%) committed,  1 nodes.
             Both:        1.06 GB reserved,      47.12 MB (  4%) committed. 

Chunk freelists:
   Non-Class:  7.52 MB
       Class:  9.17 MB
        Both:  16.69 MB

MaxMetaspaceSize: unlimited
CompressedClassSpaceSize: 1.00 GB
Initial GC threshold: 21.00 MB
Current GC threshold: 76.19 MB
CDS: off
 - commit_granule_bytes: 65536.
 - commit_granule_words: 8192.
 - virtual_space_node_default_size: 8388608.
 - enlarge_chunks_in_place: 1.
 - use_allocation_guard: 0.


Internal statistics:

num_allocs_failed_limit: 6.
num_arena_births: 1742.
num_arena_deaths: 0.
num_vsnodes_births: 2.
num_vsnodes_deaths: 0.
num_space_committed: 754.
num_space_uncommitted: 0.
num_chunks_returned_to_freelist: 6.
num_chunks_taken_from_freelist: 3344.
num_chunk_merges: 6.
num_chunk_splits: 2182.
num_chunks_enlarged: 1379.
num_inconsistent_stats: 0.

CodeHeap 'non-profiled nmethods': size=120000Kb used=2210Kb max_used=2263Kb free=117789Kb
 bounds [0x000001d845040000, 0x000001d8452b0000, 0x000001d84c570000]
CodeHeap 'profiled nmethods': size=120000Kb used=7402Kb max_used=7591Kb free=112597Kb
 bounds [0x000001d83d570000, 0x000001d83dcf0000, 0x000001d844aa0000]
CodeHeap 'non-nmethods': size=5760Kb used=2657Kb max_used=2674Kb free=3103Kb
 bounds [0x000001d844aa0000, 0x000001d844d50000, 0x000001d845040000]
CodeCache: size=245760Kb, used=12269Kb, max_used=12528Kb, free=233489Kb
 total_blobs=4659, nmethods=3837, adapters=726, full_count=0
Compilation: enabled, stopped_count=0, restarted_count=0

Compilation events (20 events):
Event: 55.883 Thread 0x000001d8514acd70 4386       3       java.lang.invoke.InvokerBytecodeGenerator::storeInsnOpcode (98 bytes)
Event: 55.883 Thread 0x000001d8514acd70 nmethod 4386 0x000001d83d906f10 code [0x000001d83d907180, 0x000001d83d907ac0]
Event: 55.889 Thread 0x000001d85148c8b0 nmethod 4385 0x000001d845065110 code [0x000001d8450652c0, 0x000001d845065658]
Event: 55.889 Thread 0x000001d85148c8b0 4387       4       org.gradle.internal.service.DefaultServiceRegistry::unwrap (75 bytes)
Event: 55.890 Thread 0x000001d85148c8b0 nmethod 4387 0x000001d8450f6f10 code [0x000001d8450f70a0, 0x000001d8450f71c8]
Event: 55.910 Thread 0x000001d8514acd70 4388       3       jdk.internal.reflect.MethodHandleAccessorFactory::makeSpecializedTarget (97 bytes)
Event: 55.911 Thread 0x000001d8514acd70 nmethod 4388 0x000001d83da5f190 code [0x000001d83da5f420, 0x000001d83da60018]
Event: 55.911 Thread 0x000001d8514acd70 4389       3       jdk.internal.reflect.MethodHandleAccessorFactory::specializedMethodType (216 bytes)
Event: 55.912 Thread 0x000001d8514acd70 nmethod 4389 0x000001d83d6e6990 code [0x000001d83d6e6d20, 0x000001d83d6e8928]
Event: 55.912 Thread 0x000001d8514acd70 4390       3       jdk.internal.reflect.DirectMethodHandleAccessor::methodAccessor (35 bytes)
Event: 55.912 Thread 0x000001d8514acd70 nmethod 4390 0x000001d83d7b9710 code [0x000001d83d7b98c0, 0x000001d83d7b9a60]
Event: 55.912 Thread 0x000001d8514acd70 4391       3       jdk.internal.reflect.DirectMethodHandleAccessor::<init> (59 bytes)
Event: 55.913 Thread 0x000001d8514acd70 nmethod 4391 0x000001d83d5b4710 code [0x000001d83d5b48e0, 0x000001d83d5b4db0]
Event: 55.913 Thread 0x000001d8514acd70 4392       3       jdk.internal.reflect.MethodAccessorImpl::<init> (5 bytes)
Event: 55.913 Thread 0x000001d8514acd70 nmethod 4392 0x000001d83d693c90 code [0x000001d83d693e40, 0x000001d83d694008]
Event: 55.931 Thread 0x000001d85148c8b0 4393 % !   4       java.util.jar.Attributes::read @ 214 (494 bytes)
Event: 55.940 Thread 0x000001d8514acd70 4395   !   3       java.lang.invoke.MethodHandleImpl$1::findVirtual (14 bytes)
Event: 55.940 Thread 0x000001d8514acd70 nmethod 4395 0x000001d83d767f10 code [0x000001d83d7680c0, 0x000001d83d768258]
Event: 55.982 Thread 0x000001d8514acd70 4397       3       java.lang.String::regionMatches (150 bytes)
Event: 55.983 Thread 0x000001d8514acd70 nmethod 4397 0x000001d83d63e510 code [0x000001d83d63e760, 0x000001d83d63ef28]

GC Heap History (18 events):
Event: 1.000 GC heap before
{Heap before GC invocations=0 (full 0):
 garbage-first heap   total 229376K, used 13312K [0x0000000080000000, 0x0000000100000000)
  region size 1024K, 13 young (13312K), 0 survivors (0K)
 Metaspace       used 7507K, committed 7680K, reserved 1114112K
  class space    used 702K, committed 768K, reserved 1048576K
}
Event: 1.008 GC heap after
{Heap after GC invocations=1 (full 0):
 garbage-first heap   total 229376K, used 1248K [0x0000000080000000, 0x0000000100000000)
  region size 1024K, 2 young (2048K), 2 survivors (2048K)
 Metaspace       used 7507K, committed 7680K, reserved 1114112K
  class space    used 702K, committed 768K, reserved 1048576K
}
Event: 4.269 GC heap before
{Heap before GC invocations=1 (full 0):
 garbage-first heap   total 229376K, used 28896K [0x0000000080000000, 0x0000000100000000)
  region size 1024K, 27 young (27648K), 2 survivors (2048K)
 Metaspace       used 11386K, committed 11520K, reserved 1114112K
  class space    used 1231K, committed 1280K, reserved 1048576K
}
Event: 4.276 GC heap after
{Heap after GC invocations=2 (full 0):
 garbage-first heap   total 229376K, used 10385K [0x0000000080000000, 0x0000000100000000)
  region size 1024K, 4 young (4096K), 4 survivors (4096K)
 Metaspace       used 11386K, committed 11520K, reserved 1114112K
  class space    used 1231K, committed 1280K, reserved 1048576K
}
Event: 8.975 GC heap before
{Heap before GC invocations=2 (full 0):
 garbage-first heap   total 229376K, used 101521K [0x0000000080000000, 0x0000000100000000)
  region size 1024K, 93 young (95232K), 4 survivors (4096K)
 Metaspace       used 21238K, committed 21504K, reserved 1114112K
  class space    used 2528K, committed 2624K, reserved 1048576K
}
Event: 8.990 GC heap after
{Heap after GC invocations=3 (full 0):
 garbage-first heap   total 229376K, used 20548K [0x0000000080000000, 0x0000000100000000)
  region size 1024K, 13 young (13312K), 13 survivors (13312K)
 Metaspace       used 21238K, committed 21504K, reserved 1114112K
  class space    used 2528K, committed 2624K, reserved 1048576K
}
Event: 10.408 GC heap before
{Heap before GC invocations=4 (full 0):
 garbage-first heap   total 71680K, used 50244K [0x0000000080000000, 0x0000000100000000)
  region size 1024K, 42 young (43008K), 13 survivors (13312K)
 Metaspace       used 26627K, committed 27008K, reserved 1114112K
  class space    used 3353K, committed 3520K, reserved 1048576K
}
Event: 10.424 GC heap after
{Heap after GC invocations=5 (full 0):
 garbage-first heap   total 71680K, used 22120K [0x0000000080000000, 0x0000000100000000)
  region size 1024K, 2 young (2048K), 2 survivors (2048K)
 Metaspace       used 26627K, committed 27008K, reserved 1114112K
  class space    used 3353K, committed 3520K, reserved 1048576K
}
Event: 11.657 GC heap before
{Heap before GC invocations=5 (full 0):
 garbage-first heap   total 71680K, used 55912K [0x0000000080000000, 0x0000000100000000)
  region size 1024K, 36 young (36864K), 2 survivors (2048K)
 Metaspace       used 31259K, committed 31808K, reserved 1114112K
  class space    used 4199K, committed 4480K, reserved 1048576K
}
Event: 11.664 GC heap after
{Heap after GC invocations=6 (full 0):
 garbage-first heap   total 71680K, used 25119K [0x0000000080000000, 0x0000000100000000)
  region size 1024K, 4 young (4096K), 4 survivors (4096K)
 Metaspace       used 31259K, committed 31808K, reserved 1114112K
  class space    used 4199K, committed 4480K, reserved 1048576K
}
Event: 52.341 GC heap before
{Heap before GC invocations=6 (full 0):
 garbage-first heap   total 71680K, used 52767K [0x0000000080000000, 0x0000000100000000)
  region size 1024K, 32 young (32768K), 4 survivors (4096K)
 Metaspace       used 35277K, committed 36096K, reserved 1114112K
  class space    used 4874K, committed 5312K, reserved 1048576K
}
Event: 52.349 GC heap after
{Heap after GC invocations=7 (full 0):
 garbage-first heap   total 71680K, used 26655K [0x0000000080000000, 0x0000000100000000)
  region size 1024K, 4 young (4096K), 4 survivors (4096K)
 Metaspace       used 35277K, committed 36096K, reserved 1114112K
  class space    used 4874K, committed 5312K, reserved 1048576K
}
Event: 54.278 GC heap before
{Heap before GC invocations=8 (full 0):
 garbage-first heap   total 71680K, used 60447K [0x0000000080000000, 0x0000000100000000)
  region size 1024K, 37 young (37888K), 4 survivors (4096K)
 Metaspace       used 42065K, committed 42944K, reserved 1114112K
  class space    used 5794K, committed 6208K, reserved 1048576K
}
Event: 54.289 GC heap after
{Heap after GC invocations=9 (full 0):
 garbage-first heap   total 71680K, used 30309K [0x0000000080000000, 0x0000000100000000)
  region size 1024K, 5 young (5120K), 5 survivors (5120K)
 Metaspace       used 42065K, committed 42944K, reserved 1114112K
  class space    used 5794K, committed 6208K, reserved 1048576K
}
Event: 55.031 GC heap before
{Heap before GC invocations=9 (full 0):
 garbage-first heap   total 71680K, used 60005K [0x0000000080000000, 0x0000000100000000)
  region size 1024K, 35 young (35840K), 5 survivors (5120K)
 Metaspace       used 44132K, committed 44992K, reserved 1114112K
  class space    used 6022K, committed 6400K, reserved 1048576K
}
Event: 55.042 GC heap after
{Heap after GC invocations=10 (full 0):
 garbage-first heap   total 71680K, used 32120K [0x0000000080000000, 0x0000000100000000)
  region size 1024K, 3 young (3072K), 3 survivors (3072K)
 Metaspace       used 44132K, committed 44992K, reserved 1114112K
  class space    used 6022K, committed 6400K, reserved 1048576K
}
Event: 55.449 GC heap before
{Heap before GC invocations=10 (full 0):
 garbage-first heap   total 71680K, used 44408K [0x0000000080000000, 0x0000000100000000)
  region size 1024K, 14 young (14336K), 3 survivors (3072K)
 Metaspace       used 45173K, committed 46080K, reserved 1114112K
  class space    used 6176K, committed 6592K, reserved 1048576K
}
Event: 55.455 GC heap after
{Heap after GC invocations=11 (full 0):
 garbage-first heap   total 71680K, used 35072K [0x0000000080000000, 0x0000000100000000)
  region size 1024K, 2 young (2048K), 2 survivors (2048K)
 Metaspace       used 45173K, committed 46080K, reserved 1114112K
  class space    used 6176K, committed 6592K, reserved 1048576K
}

Dll operation events (3 events):
Event: 0.023 Loaded shared library C:\Program Files\Android\Android Studio\jbr\bin\java.dll
Event: 0.034 Loaded shared library C:\Program Files\Android\Android Studio\jbr\bin\zip.dll
Event: 1.586 Loaded shared library C:\Program Files\Android\Android Studio\jbr\bin\verify.dll

Deoptimization events (20 events):
Event: 55.643 Thread 0x000001d857253510 Uncommon trap: trap_request=0xffffffc6 fr.pc=0x000001d84524cac8 relative=0x0000000000000888
Event: 55.643 Thread 0x000001d857253510 Uncommon trap: reason=bimorphic_or_optimized_type_check action=maybe_recompile pc=0x000001d84524cac8 method=java.util.regex.Pattern$Start.match(Ljava/util/regex/Matcher;ILjava/lang/CharSequence;)Z @ 44 c2
Event: 55.643 Thread 0x000001d857253510 DEOPT PACKING pc=0x000001d84524cac8 sp=0x0000004c48ef8e90
Event: 55.643 Thread 0x000001d857253510 DEOPT UNPACKING pc=0x000001d844af46a2 sp=0x0000004c48ef8d68 mode 2
Event: 55.644 Thread 0x000001d857253510 Uncommon trap: trap_request=0xffffffc6 fr.pc=0x000001d84524cac8 relative=0x0000000000000888
Event: 55.644 Thread 0x000001d857253510 Uncommon trap: reason=bimorphic_or_optimized_type_check action=maybe_recompile pc=0x000001d84524cac8 method=java.util.regex.Pattern$Start.match(Ljava/util/regex/Matcher;ILjava/lang/CharSequence;)Z @ 44 c2
Event: 55.644 Thread 0x000001d857253510 DEOPT PACKING pc=0x000001d84524cac8 sp=0x0000004c48ef8e90
Event: 55.644 Thread 0x000001d857253510 DEOPT UNPACKING pc=0x000001d844af46a2 sp=0x0000004c48ef8d68 mode 2
Event: 55.650 Thread 0x000001d857253510 Uncommon trap: trap_request=0xffffffc6 fr.pc=0x000001d8452466a4 relative=0x0000000000000864
Event: 55.650 Thread 0x000001d857253510 Uncommon trap: reason=bimorphic_or_optimized_type_check action=maybe_recompile pc=0x000001d8452466a4 method=java.util.regex.Pattern$Start.match(Ljava/util/regex/Matcher;ILjava/lang/CharSequence;)Z @ 44 c2
Event: 55.650 Thread 0x000001d857253510 DEOPT PACKING pc=0x000001d8452466a4 sp=0x0000004c48ef8e20
Event: 55.650 Thread 0x000001d857253510 DEOPT UNPACKING pc=0x000001d844af46a2 sp=0x0000004c48ef8d70 mode 2
Event: 55.650 Thread 0x000001d857253510 Uncommon trap: trap_request=0xffffffc6 fr.pc=0x000001d845241198 relative=0x0000000000000678
Event: 55.650 Thread 0x000001d857253510 Uncommon trap: reason=bimorphic_or_optimized_type_check action=maybe_recompile pc=0x000001d845241198 method=java.util.regex.Pattern$Start.match(Ljava/util/regex/Matcher;ILjava/lang/CharSequence;)Z @ 44 c2
Event: 55.650 Thread 0x000001d857253510 DEOPT PACKING pc=0x000001d845241198 sp=0x0000004c48ef8da0
Event: 55.650 Thread 0x000001d857253510 DEOPT UNPACKING pc=0x000001d844af46a2 sp=0x0000004c48ef8d70 mode 2
Event: 55.766 Thread 0x000001d857253510 Uncommon trap: trap_request=0xffffff45 fr.pc=0x000001d84515d8dc relative=0x000000000000029c
Event: 55.766 Thread 0x000001d857253510 Uncommon trap: reason=unstable_if action=reinterpret pc=0x000001d84515d8dc method=java.lang.String.regionMatches(ZILjava/lang/String;II)Z @ 36 c2
Event: 55.766 Thread 0x000001d857253510 DEOPT PACKING pc=0x000001d84515d8dc sp=0x0000004c48efa130
Event: 55.766 Thread 0x000001d857253510 DEOPT UNPACKING pc=0x000001d844af46a2 sp=0x0000004c48efa098 mode 2

Classes loaded (20 events):
Event: 55.533 Loading class sun/reflect/MagicAccessorImpl
Event: 55.533 Loading class sun/reflect/MagicAccessorImpl done
Event: 55.639 Loading class sun/reflect/generics/tree/IntSignature
Event: 55.639 Loading class sun/reflect/generics/tree/IntSignature done
Event: 55.639 Loading class sun/reflect/generics/tree/ArrayTypeSignature
Event: 55.640 Loading class sun/reflect/generics/tree/ArrayTypeSignature done
Event: 55.677 Loading class com/sun/beans/finder/MethodFinder
Event: 55.677 Loading class com/sun/beans/finder/AbstractFinder
Event: 55.677 Loading class com/sun/beans/finder/AbstractFinder done
Event: 55.677 Loading class com/sun/beans/finder/MethodFinder done
Event: 55.678 Loading class com/sun/beans/finder/MethodFinder$1
Event: 55.678 Loading class com/sun/beans/finder/MethodFinder$1 done
Event: 55.678 Loading class com/sun/beans/finder/FinderUtils
Event: 55.678 Loading class com/sun/beans/finder/FinderUtils done
Event: 55.679 Loading class java/lang/invoke/BoundMethodHandle$Species_LJ
Event: 55.679 Loading class java/lang/invoke/BoundMethodHandle$Species_LJ done
Event: 55.821 Loading class java/util/function/IntBinaryOperator
Event: 55.821 Loading class java/util/function/IntBinaryOperator done
Event: 55.864 Loading class java/security/CodeSigner
Event: 55.864 Loading class java/security/CodeSigner done

Classes unloaded (0 events):
No events

Classes redefined (0 events):
No events

Internal exceptions (20 events):
Event: 55.317 Thread 0x000001d857253510 Exception <a 'java/lang/NoSuchMethodError'{0x0000000087e4fce8}: 'java.lang.Object java.lang.invoke.DirectMethodHandle$Holder.invokeStatic(java.lang.Object, java.lang.Object, java.lang.Object, java.lang.Object, int)'> (0x0000000087e4fce8) 
thrown [s\src\hotspot\share\interpreter\linkResolver.cpp, line 784]
Event: 55.318 Thread 0x000001d857253510 Exception <a 'java/lang/NoSuchMethodError'{0x0000000087e58480}: 'java.lang.Object java.lang.invoke.DirectMethodHandle$Holder.invokeSpecial(java.lang.Object, java.lang.Object, java.lang.Object, java.lang.Object, int)'> (0x0000000087e58480) 
thrown [s\src\hotspot\share\interpreter\linkResolver.cpp, line 784]
Event: 55.381 Thread 0x000001d857253510 Exception <a 'java/lang/ClassNotFoundException'{0x0000000087dba730}: org/gradle/invocation/DefaultGradle_DecoratedBeanInfo> (0x0000000087dba730) 
thrown [s\src\hotspot\share\classfile\systemDictionary.cpp, line 312]
Event: 55.383 Thread 0x000001d857253510 Exception <a 'java/lang/ClassNotFoundException'{0x0000000087dc7ad8}: org/gradle/invocation/DefaultGradleBeanInfo> (0x0000000087dc7ad8) 
thrown [s\src\hotspot\share\classfile\systemDictionary.cpp, line 312]
Event: 55.384 Thread 0x000001d857253510 Exception <a 'java/lang/ClassNotFoundException'{0x0000000087dd5360}: org/gradle/api/internal/project/AbstractPluginAwareBeanInfo> (0x0000000087dd5360) 
thrown [s\src\hotspot\share\classfile\systemDictionary.cpp, line 312]
Event: 55.385 Thread 0x000001d857253510 Exception <a 'java/lang/ClassNotFoundException'{0x0000000087de2c38}: org/gradle/api/internal/project/AbstractPluginAwareCustomizer> (0x0000000087de2c38) 
thrown [s\src\hotspot\share\classfile\systemDictionary.cpp, line 312]
Event: 55.388 Thread 0x000001d857253510 Exception <a 'java/lang/ClassNotFoundException'{0x0000000087df6b80}: org/gradle/invocation/DefaultGradleCustomizer> (0x0000000087df6b80) 
thrown [s\src\hotspot\share\classfile\systemDictionary.cpp, line 312]
Event: 55.393 Thread 0x000001d857253510 Exception <a 'java/lang/ClassNotFoundException'{0x0000000087c3b3e8}: org/gradle/invocation/DefaultGradle_DecoratedCustomizer> (0x0000000087c3b3e8) 
thrown [s\src\hotspot\share\classfile\systemDictionary.cpp, line 312]
Event: 55.629 Thread 0x000001d857253510 Exception <a 'java/lang/ClassNotFoundException'{0x000000008deda868}: groovy/lang/Closure$1BeanInfo> (0x000000008deda868) 
thrown [s\src\hotspot\share\classfile\systemDictionary.cpp, line 312]
Event: 55.630 Thread 0x000001d857253510 Exception <a 'java/lang/ClassNotFoundException'{0x000000008dee7918}: groovy/lang/ClosureBeanInfo> (0x000000008dee7918) 
thrown [s\src\hotspot\share\classfile\systemDictionary.cpp, line 312]
Event: 55.632 Thread 0x000001d857253510 Exception <a 'java/lang/ClassNotFoundException'{0x000000008def48d0}: groovy/lang/ClosureCustomizer> (0x000000008def48d0) 
thrown [s\src\hotspot\share\classfile\systemDictionary.cpp, line 312]
Event: 55.677 Thread 0x000001d857253510 Exception <a 'java/lang/ClassNotFoundException'{0x0000000088225a98}: groovy/lang/Closure$1Customizer> (0x0000000088225a98) 
thrown [s\src\hotspot\share\classfile\systemDictionary.cpp, line 312]
Event: 55.781 Thread 0x000001d857253510 Exception <a 'java/lang/ClassNotFoundException'{0x00000000881c5fd8}: ijJvmDebugger1_3p37wyn5fsrdvlftjt11xtjnuBeanInfo> (0x00000000881c5fd8) 
thrown [s\src\hotspot\share\classfile\systemDictionary.cpp, line 312]
Event: 55.782 Thread 0x000001d857253510 Exception <a 'java/lang/ClassNotFoundException'{0x00000000881cc000}: ijJvmDebugger1_3p37wyn5fsrdvlftjt11xtjnuCustomizer> (0x00000000881cc000) 
thrown [s\src\hotspot\share\classfile\systemDictionary.cpp, line 312]
Event: 55.802 Thread 0x000001d857253510 Exception <a 'java/lang/ClassNotFoundException'{0x000000008801d1d8}: org/gradle/internal/metaobject/ConfigureDelegateBeanInfo> (0x000000008801d1d8) 
thrown [s\src\hotspot\share\classfile\systemDictionary.cpp, line 312]
Event: 55.803 Thread 0x000001d857253510 Exception <a 'java/lang/ClassNotFoundException'{0x000000008802a9a0}: org/gradle/internal/metaobject/ConfigureDelegateCustomizer> (0x000000008802a9a0) 
thrown [s\src\hotspot\share\classfile\systemDictionary.cpp, line 312]
Event: 55.839 Thread 0x000001d857253510 Exception <a 'java/lang/ClassNotFoundException'{0x0000000087f22b90}: org/gradle/api/internal/initialization/DefaultScriptHandler_DecoratedBeanInfo> (0x0000000087f22b90) 
thrown [s\src\hotspot\share\classfile\systemDictionary.cpp, line 312]
Event: 55.840 Thread 0x000001d857253510 Exception <a 'java/lang/ClassNotFoundException'{0x0000000087f320d8}: org/gradle/api/internal/initialization/DefaultScriptHandlerBeanInfo> (0x0000000087f320d8) 
thrown [s\src\hotspot\share\classfile\systemDictionary.cpp, line 312]
Event: 55.841 Thread 0x000001d857253510 Exception <a 'java/lang/ClassNotFoundException'{0x0000000087f418a0}: org/gradle/api/internal/initialization/DefaultScriptHandlerCustomizer> (0x0000000087f418a0) 
thrown [s\src\hotspot\share\classfile\systemDictionary.cpp, line 312]
Event: 55.843 Thread 0x000001d857253510 Exception <a 'java/lang/ClassNotFoundException'{0x0000000087f5d4b0}: org/gradle/api/internal/initialization/DefaultScriptHandler_DecoratedCustomizer> (0x0000000087f5d4b0) 
thrown [s\src\hotspot\share\classfile\systemDictionary.cpp, line 312]

ZGC Phase Switch (0 events):
No events

VM Operations (20 events):
Event: 54.277 Executing VM operation: G1CollectForAllocation (G1 Evacuation Pause)
Event: 54.289 Executing VM operation: G1CollectForAllocation (G1 Evacuation Pause) done
Event: 54.315 Executing VM operation: HandshakeAllThreads (Deoptimize)
Event: 54.315 Executing VM operation: HandshakeAllThreads (Deoptimize) done
Event: 54.503 Executing VM operation: HandshakeAllThreads (Deoptimize)
Event: 54.503 Executing VM operation: HandshakeAllThreads (Deoptimize) done
Event: 54.516 Executing VM operation: HandshakeAllThreads (Deoptimize)
Event: 54.516 Executing VM operation: HandshakeAllThreads (Deoptimize) done
Event: 54.520 Executing VM operation: HandshakeAllThreads (Deoptimize)
Event: 54.520 Executing VM operation: HandshakeAllThreads (Deoptimize) done
Event: 54.673 Executing VM operation: HandshakeAllThreads (Deoptimize)
Event: 54.673 Executing VM operation: HandshakeAllThreads (Deoptimize) done
Event: 55.031 Executing VM operation: G1CollectForAllocation (G1 Evacuation Pause)
Event: 55.042 Executing VM operation: G1CollectForAllocation (G1 Evacuation Pause) done
Event: 55.449 Executing VM operation: G1TryInitiateConcMark (G1 Humongous Allocation)
Event: 55.455 Executing VM operation: G1TryInitiateConcMark (G1 Humongous Allocation) done
Event: 55.535 Executing VM operation: G1PauseRemark
Event: 55.540 Executing VM operation: G1PauseRemark done
Event: 55.563 Executing VM operation: G1PauseCleanup
Event: 55.564 Executing VM operation: G1PauseCleanup done

Memory protections (0 events):
No events

Nmethod flushes (20 events):
Event: 55.540 Thread 0x000001d85129e3e0 flushing  nmethod 0x000001d83d745e90
Event: 55.540 Thread 0x000001d85129e3e0 flushing  nmethod 0x000001d83d765290
Event: 55.540 Thread 0x000001d85129e3e0 flushing  nmethod 0x000001d83d765990
Event: 55.540 Thread 0x000001d85129e3e0 flushing  nmethod 0x000001d83d767f10
Event: 55.540 Thread 0x000001d85129e3e0 flushing  nmethod 0x000001d83d779310
Event: 55.540 Thread 0x000001d85129e3e0 flushing  nmethod 0x000001d83d84a990
Event: 55.540 Thread 0x000001d85129e3e0 flushing  nmethod 0x000001d83d8a7590
Event: 55.540 Thread 0x000001d85129e3e0 flushing  nmethod 0x000001d83d8af290
Event: 55.540 Thread 0x000001d85129e3e0 flushing  nmethod 0x000001d83d91a710
Event: 55.540 Thread 0x000001d85129e3e0 flushing  nmethod 0x000001d83d91e010
Event: 55.540 Thread 0x000001d85129e3e0 flushing  nmethod 0x000001d83d97d210
Event: 55.540 Thread 0x000001d85129e3e0 flushing  nmethod 0x000001d83d9fc110
Event: 55.540 Thread 0x000001d85129e3e0 flushing  nmethod 0x000001d83da00e90
Event: 55.540 Thread 0x000001d85129e3e0 flushing  nmethod 0x000001d83da02190
Event: 55.540 Thread 0x000001d85129e3e0 flushing  nmethod 0x000001d83da5f190
Event: 55.540 Thread 0x000001d85129e3e0 flushing  nmethod 0x000001d83dadbf90
Event: 55.540 Thread 0x000001d85129e3e0 flushing  nmethod 0x000001d83dadc490
Event: 55.540 Thread 0x000001d85129e3e0 flushing  nmethod 0x000001d83db27010
Event: 55.540 Thread 0x000001d85129e3e0 flushing  nmethod 0x000001d83db8a110
Event: 55.540 Thread 0x000001d85129e3e0 flushing  nmethod 0x000001d83db8ab10

Events (20 events):
Event: 9.714 Thread 0x000001d85730f8a0 Thread exited: 0x000001d85730f8a0
Event: 9.856 Thread 0x000001d857253510 Thread added: 0x000001d857271c90
Event: 9.877 Thread 0x000001d857253510 Thread added: 0x000001d8572708e0
Event: 9.911 Thread 0x000001d8514acd70 Thread added: 0x000001d8575fecb0
Event: 9.949 Thread 0x000001d857253510 Thread added: 0x000001d85726f530
Event: 10.861 Thread 0x000001d8575fecb0 Thread exited: 0x000001d8575fecb0
Event: 11.640 Thread 0x000001d8514acd70 Thread added: 0x000001d85a2dbf60
Event: 12.191 Thread 0x000001d857253510 Thread added: 0x000001d857270f70
Event: 12.217 Thread 0x000001d857253510 Thread added: 0x000001d857270250
Event: 13.399 Thread 0x000001d85a2dbf60 Thread exited: 0x000001d85a2dbf60
Event: 52.182 Thread 0x000001d857253510 Thread added: 0x000001d85191e700
Event: 52.200 Thread 0x000001d857253510 Thread added: 0x000001d85191d350
Event: 52.805 Thread 0x000001d8514acd70 Thread added: 0x000001d85730f140
Event: 52.966 Thread 0x000001d857253510 Thread added: 0x000001d85191ccc0
Event: 53.088 Thread 0x000001d857253510 Thread added: 0x000001d85191b910
Event: 55.186 Thread 0x000001d857253510 Thread added: 0x000001d85191ed90
Event: 55.237 Thread 0x000001d857253510 Thread added: 0x000001d85191b280
Event: 55.609 Thread 0x000001d85730f140 Thread exited: 0x000001d85730f140
Event: 55.759 Thread 0x000001d857253510 Thread added: 0x000001d85191e070
Event: 55.775 Thread 0x000001d8514acd70 Thread added: 0x000001d857dd46a0


Dynamic libraries:
0x00007ff73ccd0000 - 0x00007ff73ccda000 	C:\Program Files\Android\Android Studio\jbr\bin\java.exe
0x00007ff96c8d0000 - 0x00007ff96cac8000 	C:\Windows\SYSTEM32\ntdll.dll
0x00007ff96bd30000 - 0x00007ff96bdf2000 	C:\Windows\System32\KERNEL32.DLL
0x00007ff96a210000 - 0x00007ff96a506000 	C:\Windows\System32\KERNELBASE.dll
0x00007ff96a540000 - 0x00007ff96a640000 	C:\Windows\System32\ucrtbase.dll
0x00007ff95ccd0000 - 0x00007ff95cce8000 	C:\Program Files\Android\Android Studio\jbr\bin\jli.dll
0x00007ff96c630000 - 0x00007ff96c7d1000 	C:\Windows\System32\USER32.dll
0x00007ff96a690000 - 0x00007ff96a6b2000 	C:\Windows\System32\win32u.dll
0x00007ff96b7c0000 - 0x00007ff96b7eb000 	C:\Windows\System32\GDI32.dll
0x00007ff96a7d0000 - 0x00007ff96a8e9000 	C:\Windows\System32\gdi32full.dll
0x00007ff96a0c0000 - 0x00007ff96a15d000 	C:\Windows\System32\msvcp_win.dll
0x00007ff9542d0000 - 0x00007ff9542eb000 	C:\Program Files\Android\Android Studio\jbr\bin\VCRUNTIME140.dll
0x00007ff954a50000 - 0x00007ff954ceb000 	C:\Windows\WinSxS\amd64_microsoft.windows.common-controls_6595b64144ccf1df_6.0.19041.6456_none_60b8a6cb71f64256\COMCTL32.dll
0x00007ff96c530000 - 0x00007ff96c5ce000 	C:\Windows\System32\msvcrt.dll
0x00007ff96b980000 - 0x00007ff96b9af000 	C:\Windows\System32\IMM32.DLL
0x00007ff954690000 - 0x00007ff95469c000 	C:\Program Files\Android\Android Studio\jbr\bin\vcruntime140_1.dll
0x00007ff954700000 - 0x00007ff95478d000 	C:\Program Files\Android\Android Studio\jbr\bin\msvcp140.dll
0x00007ff8fe050000 - 0x00007ff8fece6000 	C:\Program Files\Android\Android Studio\jbr\bin\server\jvm.dll
0x00007ff96b700000 - 0x00007ff96b7b1000 	C:\Windows\System32\ADVAPI32.dll
0x00007ff96b860000 - 0x00007ff96b8ff000 	C:\Windows\System32\sechost.dll
0x00007ff96b3a0000 - 0x00007ff96b4c0000 	C:\Windows\System32\RPCRT4.dll
0x00007ff96a510000 - 0x00007ff96a537000 	C:\Windows\System32\bcrypt.dll
0x00007ff96b900000 - 0x00007ff96b96b000 	C:\Windows\System32\WS2_32.dll
0x00007ff969dc0000 - 0x00007ff969e0b000 	C:\Windows\SYSTEM32\POWRPROF.dll
0x00007ff95f360000 - 0x00007ff95f387000 	C:\Windows\SYSTEM32\WINMM.dll
0x00007ff95f390000 - 0x00007ff95f39a000 	C:\Windows\SYSTEM32\VERSION.dll
0x00007ff969da0000 - 0x00007ff969db2000 	C:\Windows\SYSTEM32\UMPDC.dll
0x00007ff967dd0000 - 0x00007ff967de2000 	C:\Windows\SYSTEM32\kernel.appcore.dll
0x00007ff954500000 - 0x00007ff95450a000 	C:\Program Files\Android\Android Studio\jbr\bin\jimage.dll
0x00007ff95f580000 - 0x00007ff95f781000 	C:\Windows\SYSTEM32\DBGHELP.DLL
0x00007ff94c580000 - 0x00007ff94c5b4000 	C:\Windows\SYSTEM32\dbgcore.DLL
0x00007ff96a6c0000 - 0x00007ff96a742000 	C:\Windows\System32\bcryptPrimitives.dll
0x00007ff95ccc0000 - 0x00007ff95ccce000 	C:\Program Files\Android\Android Studio\jbr\bin\instrument.dll
0x00007ff950280000 - 0x00007ff9502a0000 	C:\Program Files\Android\Android Studio\jbr\bin\java.dll
0x00007ff950260000 - 0x00007ff950278000 	C:\Program Files\Android\Android Studio\jbr\bin\zip.dll
0x00007ff96abb0000 - 0x00007ff96b320000 	C:\Windows\System32\SHELL32.dll
0x00007ff967fd0000 - 0x00007ff968775000 	C:\Windows\SYSTEM32\windows.storage.dll
0x00007ff96b9b0000 - 0x00007ff96bd04000 	C:\Windows\System32\combase.dll
0x00007ff9698b0000 - 0x00007ff9698db000 	C:\Windows\SYSTEM32\Wldp.dll
0x00007ff96a9a0000 - 0x00007ff96aa6d000 	C:\Windows\System32\OLEAUT32.dll
0x00007ff96a8f0000 - 0x00007ff96a99d000 	C:\Windows\System32\SHCORE.dll
0x00007ff96be00000 - 0x00007ff96be5b000 	C:\Windows\System32\shlwapi.dll
0x00007ff969e90000 - 0x00007ff969eb4000 	C:\Windows\SYSTEM32\profapi.dll
0x00007ff9543d0000 - 0x00007ff9543e0000 	C:\Program Files\Android\Android Studio\jbr\bin\net.dll
0x00007ff95d260000 - 0x00007ff95d36a000 	C:\Windows\SYSTEM32\WINHTTP.dll
0x00007ff969610000 - 0x00007ff96967a000 	C:\Windows\system32\mswsock.dll
0x00007ff948c60000 - 0x00007ff948c76000 	C:\Program Files\Android\Android Studio\jbr\bin\nio.dll
0x00007ff9548b0000 - 0x00007ff9548c0000 	C:\Program Files\Android\Android Studio\jbr\bin\verify.dll
0x00007ff954280000 - 0x00007ff9542a7000 	C:\Users\Ivan\.gradle\native\1def1411415f61bf3af743bc5b6707747c0891f09f0c88961ee8f79bc544acac\windows-amd64\native-platform.dll
0x00007ff936800000 - 0x00007ff936878000 	C:\Users\Ivan\.gradle\native\0.2.7\x86_64-windows-gnu\gradle-fileevents.dll
0x00007ff964360000 - 0x00007ff964369000 	C:\Program Files\Android\Android Studio\jbr\bin\management.dll
0x00007ff9634b0000 - 0x00007ff9634bb000 	C:\Program Files\Android\Android Studio\jbr\bin\management_ext.dll
0x00007ff96be60000 - 0x00007ff96be68000 	C:\Windows\System32\PSAPI.DLL
0x00007ff9692f0000 - 0x00007ff96932b000 	C:\Windows\SYSTEM32\IPHLPAPI.DLL
0x00007ff96b7f0000 - 0x00007ff96b7f8000 	C:\Windows\System32\NSI.dll
0x00007ff9643c0000 - 0x00007ff9643c9000 	C:\Program Files\Android\Android Studio\jbr\bin\extnet.dll
0x00007ff969800000 - 0x00007ff969818000 	C:\Windows\SYSTEM32\CRYPTSP.dll
0x00007ff968f30000 - 0x00007ff968f68000 	C:\Windows\system32\rsaenh.dll
0x00007ff969e10000 - 0x00007ff969e3e000 	C:\Windows\SYSTEM32\USERENV.dll
0x00007ff969820000 - 0x00007ff96982c000 	C:\Windows\SYSTEM32\CRYPTBASE.dll
0x00007ff9643d0000 - 0x00007ff9643d7000 	C:\Windows\system32\wshunix.dll

JVMTI agents:
C:\Users\Ivan\.gradle\wrapper\dists\gradle-8.13-bin\5xuhj0ry160q40clulazy9h7d\gradle-8.13\lib\agents\gradle-instrumentation-agent-8.13.jar path:C:\Program Files\Android\Android Studio\jbr\bin\instrument.dll, loaded, initialized, instrumentlib options:none

dbghelp: loaded successfully - version: 4.0.5 - missing functions: none
symbol engine: initialized successfully - sym options: 0x614 - pdb path: .;C:\Program Files\Android\Android Studio\jbr\bin;C:\Windows\SYSTEM32;C:\Windows\WinSxS\amd64_microsoft.windows.common-controls_6595b64144ccf1df_6.0.19041.6456_none_60b8a6cb71f64256;C:\Program Files\Android\Android Studio\jbr\bin\server;C:\Users\Ivan\.gradle\native\1def1411415f61bf3af743bc5b6707747c0891f09f0c88961ee8f79bc544acac\windows-amd64;C:\Users\Ivan\.gradle\native\0.2.7\x86_64-windows-gnu

VM Arguments:
jvm_args: --add-opens=java.base/java.lang=ALL-UNNAMED --add-opens=java.base/java.lang.invoke=ALL-UNNAMED --add-opens=java.base/java.util=ALL-UNNAMED --add-opens=java.prefs/java.util.prefs=ALL-UNNAMED --add-exports=jdk.compiler/com.sun.tools.javac.api=ALL-UNNAMED --add-exports=jdk.compiler/com.sun.tools.javac.util=ALL-UNNAMED --add-opens=java.base/java.util=ALL-UNNAMED --add-opens=java.prefs/java.util.prefs=ALL-UNNAMED --add-opens=java.base/java.nio.charset=ALL-UNNAMED --add-opens=java.base/java.net=ALL-UNNAMED --add-opens=java.base/java.util.concurrent.atomic=ALL-UNNAMED --add-opens=java.xml/javax.xml.namespace=ALL-UNNAMED -Xmx2048m -Dfile.encoding=UTF-8 -Duser.country=RU -Duser.language=ru -Duser.variant -javaagent:C:\Users\Ivan\.gradle\wrapper\dists\gradle-8.13-bin\5xuhj0ry160q40clulazy9h7d\gradle-8.13\lib\agents\gradle-instrumentation-agent-8.13.jar 
java_command: org.gradle.launcher.daemon.bootstrap.GradleDaemon 8.13
java_class_path (initial): C:\Users\Ivan\.gradle\wrapper\dists\gradle-8.13-bin\5xuhj0ry160q40clulazy9h7d\gradle-8.13\lib\gradle-daemon-main-8.13.jar
Launcher Type: SUN_STANDARD

[Global flags]
     intx CICompilerCount                          = 3                                         {product} {ergonomic}
     uint ConcGCThreads                            = 1                                         {product} {ergonomic}
     uint G1ConcRefinementThreads                  = 4                                         {product} {ergonomic}
   size_t G1HeapRegionSize                         = 1048576                                   {product} {ergonomic}
    uintx GCDrainStackTargetSize                   = 64                                        {product} {ergonomic}
   size_t InitialHeapSize                          = 234881024                                 {product} {ergonomic}
   size_t MarkStackSize                            = 4194304                                   {product} {ergonomic}
   size_t MaxHeapSize                              = 2147483648                                {product} {command line}
   size_t MaxNewSize                               = 1287651328                                {product} {ergonomic}
   size_t MinHeapDeltaBytes                        = 1048576                                   {product} {ergonomic}
   size_t MinHeapSize                              = 8388608                                   {product} {ergonomic}
    uintx NonNMethodCodeHeapSize                   = 5832780                                {pd product} {ergonomic}
    uintx NonProfiledCodeHeapSize                  = 122912730                              {pd product} {ergonomic}
    uintx ProfiledCodeHeapSize                     = 122912730                              {pd product} {ergonomic}
    uintx ReservedCodeCacheSize                    = 251658240                              {pd product} {ergonomic}
     bool SegmentedCodeCache                       = true                                      {product} {ergonomic}
   size_t SoftMaxHeapSize                          = 2147483648                             {manageable} {ergonomic}
     bool UseCompressedOops                        = true                           {product lp64_product} {ergonomic}
     bool UseG1GC                                  = true                                      {product} {ergonomic}
     bool UseLargePagesIndividualAllocation        = false                                  {pd product} {ergonomic}

Logging:
Log output configuration:
 #0: stdout all=warning uptime,level,tags foldmultilines=false
 #1: stderr all=off uptime,level,tags foldmultilines=false

Environment Variables:
PATH=C:\Windows\system32;C:\Windows;C:\Windows\System32\Wbem;C:\Windows\System32\WindowsPowerShell\v1.0\;C:\Windows\System32\OpenSSH\;C:\Program Files\Microsoft SQL Server\150\Tools\Binn\;C:\Program Files (x86)\Common Files\Acronis\SnapAPI\;C:\Program Files\Microsoft SQL Server\Client SDK\ODBC\170\Tools\Binn\;D:\Windows Kits\10\Windows Performance Toolkit\;C:\Program Files\Git\cmd;C:\Program Files\dotnet\;C:\Users\Ivan\AppData\Local\Microsoft\WindowsApps;C:\Users\Ivan\.dotnet\tools
USERNAME=Ivan
OS=Windows_NT
PROCESSOR_IDENTIFIER=AMD64 Family 23 Model 24 Stepping 1, AuthenticAMD
TMP=C:\Users\Ivan\AppData\Local\Temp
TEMP=C:\Users\Ivan\AppData\Local\Temp




Periodic native trim disabled

JNI global refs:
JNI global refs: 26, weak refs: 0

JNI global refs memory usage: 835, weak refs: 833

Process memory usage:
Resident Set Size: 246500K (1% of 14621516K total physical memory with 4765476K free physical memory)

OOME stack traces (most recent first):
Classloader memory used:
Loader org.gradle.internal.classloader.VisitableURLClassLoader                         : 22861K
Loader bootstrap                                                                       : 20678K
Loader org.gradle.initialization.MixInLegacyTypesClassLoader                           : 2943K
Loader jdk.internal.loader.ClassLoaders$PlatformClassLoader                            : 535K
Loader jdk.internal.loader.ClassLoaders$AppClassLoader                                 : 235K
Loader org.gradle.groovy.scripts.internal.DefaultScriptCompilationHandler$ScriptClassLoader: 36040B
Loader org.codehaus.groovy.runtime.callsite.CallSiteClassLoader                        : 7232B

Classes loaded by more than one classloader:
Class org.gradle.internal.classloader.FilteringClassLoader                            : loaded 2 times (x 105B)
Class org.gradle.internal.classloader.ClassLoaderHierarchy                            : loaded 2 times (x 70B)
Class org.gradle.api.internal.classpath.ManifestUtil                                  : loaded 2 times (x 71B)
Class org.gradle.internal.classloader.DefaultClassLoaderFactory                       : loaded 2 times (x 82B)
Class org.gradle.internal.classloader.ClassLoaderVisitor                              : loaded 2 times (x 76B)
Class org.gradle.api.internal.classpath.EffectiveClassPath                            : loaded 2 times (x 90B)
Class org.gradle.api.internal.DefaultClassPathProvider                                : loaded 2 times (x 76B)
Class [Lorg.gradle.api.internal.ClassPathProvider;                                    : loaded 2 times (x 69B)
Class org.gradle.api.internal.ClassPathProvider                                       : loaded 2 times (x 70B)
Class org.gradle.internal.service.UnknownServiceException                             : loaded 2 times (x 83B)
Class org.gradle.internal.classpath.TransformedClassPath                              : loaded 2 times (x 96B)
Class org.gradle.internal.classloader.InstrumentingClassLoader                        : loaded 2 times (x 70B)
Class org.gradle.internal.service.ServiceLocator                                      : loaded 2 times (x 70B)
Class org.gradle.internal.InternalTransformer                                         : loaded 2 times (x 70B)
Class org.gradle.internal.classloader.ClasspathUtil$1                                 : loaded 2 times (x 76B)
Class org.gradle.api.internal.classpath.DefaultModuleRegistry$DefaultModule           : loaded 2 times (x 86B)
Class org.gradle.api.internal.classpath.Module                                        : loaded 2 times (x 70B)
Class org.gradle.api.internal.classpath.UnknownModuleException                        : loaded 2 times (x 82B)
Class org.gradle.api.internal.DefaultClassPathRegistry                                : loaded 2 times (x 76B)
Class org.gradle.api.internal.ClassPathRegistry                                       : loaded 2 times (x 70B)
Class org.gradle.internal.classpath.DefaultClassPath$ImmutableUniqueList              : loaded 2 times (x 199B)
Class org.gradle.internal.classpath.ClassPath                                         : loaded 2 times (x 70B)
Class org.gradle.api.UncheckedIOException                                             : loaded 2 times (x 82B)
Class org.gradle.internal.installation.GradleInstallation$1                           : loaded 2 times (x 75B)
Class org.gradle.api.internal.classpath.ModuleRegistry                                : loaded 2 times (x 70B)
Class org.gradle.api.internal.classpath.DefaultModuleRegistry                         : loaded 2 times (x 86B)
Class org.gradle.internal.service.ServiceLookupException                              : loaded 2 times (x 82B)
Class org.gradle.internal.classloader.ClassLoaderFactory                              : loaded 2 times (x 70B)
Class org.gradle.internal.service.CachingServiceLocator                               : loaded 2 times (x 82B)
Class org.gradle.internal.classloader.ClasspathUtil                                   : loaded 2 times (x 71B)
Class org.gradle.api.specs.Spec                                                       : loaded 2 times (x 70B)
Class org.gradle.internal.classloader.VisitableURLClassLoader$InstrumentingVisitableURLClassLoader: loaded 2 times (x 123B)
Class org.gradle.internal.classloader.VisitableURLClassLoader$Spec                    : loaded 2 times (x 74B)
Class org.gradle.internal.classpath.DefaultClassPath                                  : loaded 2 times (x 90B)
Class org.gradle.internal.classloader.ClassLoaderSpec                                 : loaded 2 times (x 71B)
Class org.gradle.internal.classloader.VisitableURLClassLoader                         : loaded 2 times (x 117B)
Class org.gradle.internal.Cast                                                        : loaded 2 times (x 71B)
Class org.gradle.api.Action                                                           : loaded 2 times (x 70B)
Class org.gradle.internal.classpath.DefaultClassPath$ImmutableUniqueList$Builder      : loaded 2 times (x 75B)
Class org.gradle.api.GradleException                                                  : loaded 2 times (x 82B)
Class org.gradle.internal.IoActions                                                   : loaded 2 times (x 71B)
Class org.gradle.internal.classloader.SystemClassLoaderSpec                           : loaded 2 times (x 71B)
Class org.gradle.api.internal.classpath.GlobalCacheRootsProvider                      : loaded 2 times (x 70B)
Class org.gradle.internal.installation.CurrentGradleInstallationLocator               : loaded 2 times (x 71B)
Class org.gradle.internal.service.DefaultServiceLocator                               : loaded 2 times (x 83B)
Class org.gradle.internal.installation.CurrentGradleInstallation                      : loaded 2 times (x 73B)
Class org.gradle.util.internal.GUtil                                                  : loaded 2 times (x 71B)
Class org.gradle.internal.installation.GradleInstallation                             : loaded 2 times (x 75B)

---------------  S Y S T E M  ---------------

OS:
 Windows 10 , 64 bit Build 19041 (10.0.19041.5915)
OS uptime: 0 days 0:03 hours

CPU: total 4 (initial active 4) (4 cores per cpu, 2 threads per core) family 23 model 24 stepping 1 microcode 0x0, cx8, cmov, fxsr, ht, mmx, 3dnowpref, sse, sse2, sse3, ssse3, sse4a, sse4.1, sse4.2, popcnt, lzcnt, tsc, tscinvbit, avx, avx2, aes, clmul, bmi1, bmi2, adx, sha, fma, vzeroupper, clflush, clflushopt, rdtscp, f16c
Processor Information for the first 4 processors :
  Max Mhz: 2400, Current Mhz: 2400, Mhz Limit: 2400

Memory: 4k page, system-wide physical 14278M (4653M free)
TotalPageFile size 16454M (AvailPageFile size 5491M)
current process WorkingSet (physical memory assigned to process): 240M, peak: 240M
current process commit charge ("private bytes"): 269M, peak: 341M

vm_info: OpenJDK 64-Bit Server VM (21.0.8+-14196175-b1038.72) for windows-amd64 JRE (21.0.8+-14196175-b1038.72), built on 2025-10-01T10:24:33Z by "builder" with MS VC++ 16.10 / 16.11 (VS2019)

END.
