#
# A fatal error has been detected by the Java Runtime Environment:
#
#  EXCEPTION_ACCESS_VIOLATION (0xc0000005) at pc=0x00007ff91b23f18e, pid=7688, tid=7364
#
# JRE version: OpenJDK Runtime Environment (21.0.9) (build 21.0.9+-14787801-b1163.94)
# Java VM: OpenJDK 64-Bit Server VM (21.0.9+-14787801-b1163.94, mixed mode, tiered, compressed oops, compressed class ptrs, g1 gc, windows-amd64)
# Problematic frame:
# V  [jvm.dll+0x6ff18e]
#
# No core dump will be written. Minidumps are not enabled by default on client versions of Windows
#
# If you would like to submit a bug report, please visit:
#   https://youtrack.jetbrains.com/issues/JBR
#

---------------  S U M M A R Y ------------

Command Line: --add-opens=java.base/java.lang=ALL-UNNAMED --add-opens=java.base/java.lang.invoke=ALL-UNNAMED --add-opens=java.base/java.util=ALL-UNNAMED --add-opens=java.prefs/java.util.prefs=ALL-UNNAMED --add-exports=jdk.compiler/com.sun.tools.javac.api=ALL-UNNAMED --add-exports=jdk.compiler/com.sun.tools.javac.util=ALL-UNNAMED --add-opens=java.base/java.util=ALL-UNNAMED --add-opens=java.prefs/java.util.prefs=ALL-UNNAMED --add-opens=java.base/java.nio.charset=ALL-UNNAMED --add-opens=java.base/java.net=ALL-UNNAMED --add-opens=java.base/java.util.concurrent.atomic=ALL-UNNAMED --add-opens=java.xml/javax.xml.namespace=ALL-UNNAMED -Xmx2048m -Dfile.encoding=UTF-8 -Duser.country=RU -Duser.language=ru -Duser.variant -javaagent:C:\Users\Ivan\.gradle\wrapper\dists\gradle-8.13-bin\5xuhj0ry160q40clulazy9h7d\gradle-8.13\lib\agents\gradle-instrumentation-agent-8.13.jar org.gradle.launcher.daemon.bootstrap.GradleDaemon 8.13

Host: AMD Athlon 300U with Radeon Vega Mobile Gfx    , 4 cores, 13G,  Windows 10 , 64 bit Build 19041 (10.0.19041.5915)
Time: Sun Mar  8 23:59:30 2026 elapsed time: 51.799471 seconds (0d 0h 0m 51s)

---------------  T H R E A D  ---------------

Current thread (0x00000191af520810):  JavaThread "C2 CompilerThread0" daemon [_thread_in_native, id=7364, stack(0x0000004add300000,0x0000004add400000) (1024K)]


Current CompileTask:
C2:51799 7331 %     4       org.objectweb.asm.ClassReader::readCode @ 2187 (5117 bytes)

Stack: [0x0000004add300000,0x0000004add400000],  sp=0x0000004add3fbea0,  free space=1007k
Native frames: (J=compiled Java code, j=interpreted, Vv=VM code, C=native code)
V  [jvm.dll+0x6ff18e]
V  [jvm.dll+0x253cbe]
V  [jvm.dll+0x24a4eb]
V  [jvm.dll+0x24892e]
V  [jvm.dll+0x1c7344]
V  [jvm.dll+0x2581ae]
V  [jvm.dll+0x2566f6]
V  [jvm.dll+0x3f48a6]
V  [jvm.dll+0x80f118]
V  [jvm.dll+0x6d54ed]
C  [ucrtbase.dll+0x21bb2]
C  [KERNEL32.DLL+0x17374]
C  [ntdll.dll+0x4cc91]


siginfo: EXCEPTION_ACCESS_VIOLATION (0xc0000005), reading address 0x0000000000000080


Registers:
RAX=0x0000000000000000, RBX=0x0000000000002244, RCX=0x00000191afd55d78, RDX=0x00000191b4271360
RSP=0x0000004add3fbea0, RBP=0x0000000000008000, RSI=0x00000191b4271360, RDI=0x000000000000024e
R8 =0x0000000000000000, R9 =0x0000000000000000, R10=0x0000000000005507, R11=0x0000004add3fbe20
R12=0x00000191ba74ec30, R13=0x0000000000000000, R14=0x0000000000011220, R15=0x0000004add3fc0e0
RIP=0x00007ff91b23f18e, EFLAGS=0x0000000000010206

XMM[0]=0x0000000000000000 0x0000000000000000
XMM[1]=0x00000191b8d0f3c8 0x00000191b8d0f360
XMM[2]=0x00000191b7d01de0 0x00000191b7d01d78
XMM[3]=0x00000191b7d08c68 0x00000191b7d08c00
XMM[4]=0x00000191b8705f88 0x00000191b8705f20
XMM[5]=0x00000191b8d116c8 0x00000191b8d11660
XMM[6]=0x0000000000000000 0x0000000000000000
XMM[7]=0x0000000000000000 0x0000000000000000
XMM[8]=0x0000000000000000 0x0000000000000000
XMM[9]=0x0000000000000000 0x0000000000000000
XMM[10]=0x0000000000000000 0x0000000000000000
XMM[11]=0x0000000000000000 0x0000000000000000
XMM[12]=0x0000000000000000 0x0000000000000000
XMM[13]=0x0000000000000000 0x0000000000000000
XMM[14]=0x0000000000000000 0x0000000000000000
XMM[15]=0x0000000000000000 0x0000000000000000
  MXCSR=0x00001fa0


Register to memory mapping:

RAX=0x0 is null
RBX=0x0000000000002244 is an unknown value
RCX=0x00000191afd55d78 points into unknown readable memory: 0x0000000000000000 | 00 00 00 00 00 00 00 00
RDX=0x00000191b4271360 points into unknown readable memory: 0x0000004add3fe2b0 | b0 e2 3f dd 4a 00 00 00
RSP=0x0000004add3fbea0 is pointing into the stack for thread: 0x00000191af520810
RBP=0x0000000000008000 is an unknown value
RSI=0x00000191b4271360 points into unknown readable memory: 0x0000004add3fe2b0 | b0 e2 3f dd 4a 00 00 00
RDI=0x000000000000024e is an unknown value
R8 =0x0 is null
R9 =0x0 is null
R10=0x0000000000005507 is an unknown value
R11=0x0000004add3fbe20 is pointing into the stack for thread: 0x00000191af520810
R12=0x00000191ba74ec30 points into unknown readable memory: 0x00007ff91b52dbb8 | b8 db 52 1b f9 7f 00 00
R13=0x0 is null
R14=0x0000000000011220 is an unknown value
R15=0x0000004add3fc0e0 is pointing into the stack for thread: 0x00000191af520810

Top of Stack: (sp=0x0000004add3fbea0)
0x0000004add3fbea0:   000000000000223d 0000000000008000
0x0000004add3fbeb0:   00000191b4271360 00007ff91b3628c0
0x0000004add3fbec0:   00000191ba777120 00007ff91b23e25e
0x0000004add3fbed0:   0000000000000018 0000000000002a46
0x0000004add3fbee0:   00000191af4d4400 0000004add3fc0e0
0x0000004add3fbef0:   00000191b6ce4038 00007ff91ad93cbe
0x0000004add3fbf00:   0000004add3fbf80 00000191ba0985e8
0x0000004add3fbf10:   000000000000024e 00000191ba777120
0x0000004add3fbf20:   00000191af51f730 00007ff900004000
0x0000004add3fbf30:   00000191b8a468d0 00007ff900002a46
0x0000004add3fbf40:   0000000000000400 00000191b8660c58
0x0000004add3fbf50:   0000000000000400 00000191af51f730
0x0000004add3fbf60:   0000000000000000 0000000000000000
0x0000004add3fbf70:   00000191af4d4400 0000000000000000
0x0000004add3fbf80:   000001919846beb0 0000000000000034
0x0000004add3fbf90:   0000004add3fc0a0 00007ff91ad8a4eb
0x0000004add3fbfa0:   0000004add3fe180 00007ff91b49cc58
0x0000004add3fbfb0:   0000000000000018 0000000000000034
0x0000004add3fbfc0:   00000191af520800 0000004add3fc290
0x0000004add3fbfd0:   00000191af520000 0000000000000000
0x0000004add3fbfe0:   00000191b6fa02c8 00000191b32be000
0x0000004add3fbff0:   00000191af520810 00007ff91b49cc58
0x0000004add3fc000:   0000000000000000 0000004add3fe180
0x0000004add3fc010:   0000000000000000 00007ff91b49cc58
0x0000004add3fc020:   00000191b5b51400 00007ff91ac00f01
0x0000004add3fc030:   00000191ba043898 0000004add3fd6c0
0x0000004add3fc040:   00000191b5b51420 00000191b9fb2fb0
0x0000004add3fc050:   00000191b9fb2f00 00000191af51f730
0x0000004add3fc060:   00000191b94acf50 00000191b94ae2c8
0x0000004add3fc070:   00000191b94b4f38 0000000000048270
0x0000004add3fc080:   0000000000030000 0000000000000000
0x0000004add3fc090:   00000191b5b59408 00000191b41faf00 

Instructions: (pc=0x00007ff91b23f18e)
0x00007ff91b23f08e:   00 00 eb 24 48 83 e9 10 49 8b d6 48 89 4c 24 20
0x00007ff91b23f09e:   48 8b 8e 68 09 00 00 e8 e6 58 fb ff 48 8b 4e 10
0x00007ff91b23f0ae:   49 8b d6 e8 7a 4d b5 ff 48 8b 44 24 20 48 3b 44
0x00007ff91b23f0be:   24 30 0f 83 9b fd ff ff 48 8b ac 24 88 00 00 00
0x00007ff91b23f0ce:   4c 8b b4 24 90 00 00 00 4c 8b bc 24 98 00 00 00
0x00007ff91b23f0de:   49 83 3c 24 00 74 13 49 8b d7 49 8b cd e8 20 1e
0x00007ff91b23f0ee:   9c ff 49 8b cc e8 f8 1d 9c ff 49 39 6d 18 74 0c
0x00007ff91b23f0fe:   4d 89 65 10 49 89 6d 18 4d 89 75 20 48 8b 9c 24
0x00007ff91b23f10e:   80 00 00 00 48 83 c4 40 41 5f 41 5e 41 5d 41 5c
0x00007ff91b23f11e:   5f 5e 5d c3 cc cc cc cc cc cc cc cc cc cc cc cc
0x00007ff91b23f12e:   cc cc 40 53 41 55 41 57 48 83 ec 40 48 8b 51 28
0x00007ff91b23f13e:   45 33 ed 41 8b dd 4c 8b f9 39 5a 08 0f 86 24 01
0x00007ff91b23f14e:   00 00 48 89 6c 24 60 48 89 74 24 68 48 89 7c 24
0x00007ff91b23f15e:   70 4c 89 64 24 38 4c 89 74 24 30 0f 1f 80 00 00
0x00007ff91b23f16e:   00 00 8b c3 4c 8d 34 c5 00 00 00 00 48 8b 42 10
0x00007ff91b23f17e:   49 8b 0c 06 48 85 c9 0f 84 c1 00 00 00 48 8b 01
0x00007ff91b23f18e:   ff 90 80 00 00 00 49 8b 77 28 4c 8b e0 8b 6e 08
0x00007ff91b23f19e:   3b dd 0f 82 9e 00 00 00 85 ed 75 41 4c 8b 0e c7
0x00007ff91b23f1ae:   46 08 01 00 00 00 49 8b 49 18 49 8b 41 20 48 2b
0x00007ff91b23f1be:   c1 48 83 f8 08 72 0a 48 8d 41 08 49 89 41 18 eb
0x00007ff91b23f1ce:   12 45 33 c0 49 8b c9 41 8d 50 08 e8 22 1a 9c ff
0x00007ff91b23f1de:   48 8b c8 48 89 4e 10 4c 89 29 8b 6e 08 8d 53 01
0x00007ff91b23f1ee:   85 d2 74 04 85 d3 74 0c 0f bd ca ba 01 00 00 00
0x00007ff91b23f1fe:   ff c1 d3 e2 48 8b 0e 44 8b ca 8b c5 89 56 08 48
0x00007ff91b23f20e:   8b 56 10 49 c1 e1 03 48 8d 3c c5 00 00 00 00 44
0x00007ff91b23f21e:   89 6c 24 20 4c 8b c7 e8 f6 15 9c ff 44 8b 46 08
0x00007ff91b23f22e:   33 d2 44 2b c5 48 89 46 10 49 c1 e0 03 48 8d 0c
0x00007ff91b23f23e:   07 e8 ce 8d 19 00 48 8b 46 10 4d 89 24 06 49 8b
0x00007ff91b23f24e:   57 28 ff c3 3b 5a 08 0f 82 15 ff ff ff 4c 8b 74
0x00007ff91b23f25e:   24 30 4c 8b 64 24 38 48 8b 7c 24 70 48 8b 74 24
0x00007ff91b23f26e:   68 48 8b 6c 24 60 48 83 c4 40 41 5f 41 5d 5b c3
0x00007ff91b23f27e:   cc cc 48 89 5c 24 08 48 89 74 24 10 57 48 8b 59 


Stack slot to memory mapping:

stack at sp + 0 slots: 0x000000000000223d is an unknown value
stack at sp + 1 slots: 0x0000000000008000 is an unknown value
stack at sp + 2 slots: 0x00000191b4271360 points into unknown readable memory: 0x0000004add3fe2b0 | b0 e2 3f dd 4a 00 00 00
stack at sp + 3 slots: 0x00007ff91b3628c0 jvm.dll
stack at sp + 4 slots: 0x00000191ba777120 points into unknown readable memory: 0x00007ff91b478090 | 90 80 47 1b f9 7f 00 00
stack at sp + 5 slots: 0x00007ff91b23e25e jvm.dll
stack at sp + 6 slots: 0x0000000000000018 is an unknown value
stack at sp + 7 slots: 0x0000000000002a46 is an unknown value


---------------  P R O C E S S  ---------------

Threads class SMR info:
_java_thread_list=0x00000191b6cee2d0, length=41, elements={
0x0000019196244840, 0x00000191af509db0, 0x00000191af533340, 0x00000191af533da0,
0x00000191af536bd0, 0x00000191af537630, 0x00000191af538090, 0x00000191af51fe70,
0x00000191af520810, 0x00000191af5216a0, 0x00000191b40383b0, 0x00000191b5931710,
0x00000191b5a36bd0, 0x00000191b589adc0, 0x00000191b5894db0, 0x00000191b5b494e0,
0x00000191b48beeb0, 0x00000191b590c840, 0x00000191b410a950, 0x00000191b410afe0,
0x00000191b410d0b0, 0x00000191b410ca20, 0x00000191b4109c30, 0x00000191b410a2c0,
0x00000191b410c390, 0x00000191b79dac30, 0x00000191b79dda20, 0x00000191b79d9880,
0x00000191b79d9f10, 0x00000191b79db2c0, 0x00000191b79da5a0, 0x00000191b79dc670,
0x00000191b69ad0f0, 0x00000191b79db950, 0x00000191b79de740, 0x00000191b79dbfe0,
0x00000191b79dedd0, 0x00000191b79d8b60, 0x00000191b79df460, 0x00000191b79d84d0,
0x00000191b91e32c0
}
_to_delete_list=0x00000191b6cedbb0, length=40, elements={
0x0000019196244840, 0x00000191af509db0, 0x00000191af533340, 0x00000191af533da0,
0x00000191af536bd0, 0x00000191af537630, 0x00000191af538090, 0x00000191af51fe70,
0x00000191af520810, 0x00000191af5216a0, 0x00000191b40383b0, 0x00000191b5931710,
0x00000191b5a36bd0, 0x00000191b589adc0, 0x00000191b5894db0, 0x00000191b5b494e0,
0x00000191b48beeb0, 0x00000191b590c840, 0x00000191b410a950, 0x00000191b410afe0,
0x00000191b410d0b0, 0x00000191b410ca20, 0x00000191b4109c30, 0x00000191b410a2c0,
0x00000191b410c390, 0x00000191b79dac30, 0x00000191b79dda20, 0x00000191b79d9880,
0x00000191b79d9f10, 0x00000191b79db2c0, 0x00000191b79da5a0, 0x00000191b79dc670,
0x00000191b69ad0f0, 0x00000191b79db950, 0x00000191b79de740, 0x00000191b79dbfe0,
0x00000191b79dedd0, 0x00000191b79d8b60, 0x00000191b79df460, 0x00000191b79d84d0
}

Java Threads: ( => current thread )
  0x0000019196244840 JavaThread "main"                              [_thread_blocked, id=6432, stack(0x0000004adc400000,0x0000004adc500000) (1024K)]
  0x00000191af509db0 JavaThread "Common-Cleaner"             daemon [_thread_blocked, id=8080, stack(0x0000004adcc00000,0x0000004adcd00000) (1024K)]
  0x00000191af533340 JavaThread "Reference Handler"          daemon [_thread_blocked, id=9524, stack(0x0000004adcd00000,0x0000004adce00000) (1024K)]
  0x00000191af533da0 JavaThread "Finalizer"                  daemon [_thread_blocked, id=14104, stack(0x0000004adce00000,0x0000004adcf00000) (1024K)]
  0x00000191af536bd0 JavaThread "Signal Dispatcher"          daemon [_thread_blocked, id=13176, stack(0x0000004adcf00000,0x0000004add000000) (1024K)]
  0x00000191af537630 JavaThread "Attach Listener"            daemon [_thread_blocked, id=6104, stack(0x0000004add000000,0x0000004add100000) (1024K)]
  0x00000191af538090 JavaThread "Service Thread"             daemon [_thread_blocked, id=7052, stack(0x0000004add100000,0x0000004add200000) (1024K)]
  0x00000191af51fe70 JavaThread "Monitor Deflation Thread"   daemon [_thread_blocked, id=12848, stack(0x0000004add200000,0x0000004add300000) (1024K)]
=>0x00000191af520810 JavaThread "C2 CompilerThread0"         daemon [_thread_in_native, id=7364, stack(0x0000004add300000,0x0000004add400000) (1024K)]
  0x00000191af5216a0 JavaThread "C1 CompilerThread0"         daemon [_thread_blocked, id=13592, stack(0x0000004add400000,0x0000004add500000) (1024K)]
  0x00000191b40383b0 JavaThread "Notification Thread"        daemon [_thread_blocked, id=11980, stack(0x0000004add500000,0x0000004add600000) (1024K)]
  0x00000191b5931710 JavaThread "Daemon health stats"               [_thread_blocked, id=3760, stack(0x0000004add900000,0x0000004adda00000) (1024K)]
  0x00000191b5a36bd0 JavaThread "Incoming local TCP Connector on port 55689"        [_thread_in_native, id=4868, stack(0x0000004addb00000,0x0000004addc00000) (1024K)]
  0x00000191b589adc0 JavaThread "Daemon periodic checks"            [_thread_blocked, id=4516, stack(0x0000004addc00000,0x0000004addd00000) (1024K)]
  0x00000191b5894db0 JavaThread "Daemon"                            [_thread_blocked, id=11992, stack(0x0000004addd00000,0x0000004adde00000) (1024K)]
  0x00000191b5b494e0 JavaThread "Handler for socket connection from /127.0.0.1:55689 to /127.0.0.1:55690"        [_thread_in_native, id=12672, stack(0x0000004adde00000,0x0000004addf00000) (1024K)]
  0x00000191b48beeb0 JavaThread "Cancel handler"                    [_thread_blocked, id=8332, stack(0x0000004adda00000,0x0000004addb00000) (1024K)]
  0x00000191b590c840 JavaThread "Daemon worker"                     [_thread_in_Java, id=996, stack(0x0000004addf00000,0x0000004ade000000) (1024K)]
  0x00000191b410a950 JavaThread "Asynchronous log dispatcher for DefaultDaemonConnection: socket connection from /127.0.0.1:55689 to /127.0.0.1:55690"        [_thread_blocked, id=5724, stack(0x0000004ade000000,0x0000004ade100000) (1024K)]
  0x00000191b410afe0 JavaThread "Stdin handler"                     [_thread_blocked, id=10604, stack(0x0000004ade100000,0x0000004ade200000) (1024K)]
  0x00000191b410d0b0 JavaThread "Daemon client event forwarder"        [_thread_blocked, id=11544, stack(0x0000004ade200000,0x0000004ade300000) (1024K)]
  0x00000191b410ca20 JavaThread "Cache worker for journal cache (C:\Users\Ivan\.gradle\caches\journal-1)"        [_thread_blocked, id=2676, stack(0x0000004ade400000,0x0000004ade500000) (1024K)]
  0x00000191b4109c30 JavaThread "File lock request listener"        [_thread_in_native, id=3788, stack(0x0000004ade500000,0x0000004ade600000) (1024K)]
  0x00000191b410a2c0 JavaThread "Cache worker for file hash cache (C:\Users\Ivan\.gradle\caches\8.13\fileHashes)"        [_thread_blocked, id=3156, stack(0x0000004ade600000,0x0000004ade700000) (1024K)]
  0x00000191b410c390 JavaThread "Cache worker for file hash cache (D:\Projects\Rythm-Music\.gradle\8.13\fileHashes)"        [_thread_blocked, id=3924, stack(0x0000004ade300000,0x0000004ade400000) (1024K)]
  0x00000191b79dac30 JavaThread "Cache worker for Build Output Cleanup Cache (D:\Projects\Rythm-Music\.gradle\buildOutputCleanup)"        [_thread_blocked, id=10008, stack(0x0000004ade700000,0x0000004ade800000) (1024K)]
  0x00000191b79dda20 JavaThread "File watcher server"        daemon [_thread_in_native, id=10700, stack(0x0000004adc100000,0x0000004adc200000) (1024K)]
  0x00000191b79d9880 JavaThread "File watcher consumer"      daemon [_thread_blocked, id=12056, stack(0x0000004ade800000,0x0000004ade900000) (1024K)]
  0x00000191b79d9f10 JavaThread "jar transforms"                    [_thread_blocked, id=8392, stack(0x0000004ade900000,0x0000004adea00000) (1024K)]
  0x00000191b79db2c0 JavaThread "jar transforms Thread 2"           [_thread_blocked, id=3708, stack(0x0000004adea00000,0x0000004adeb00000) (1024K)]
  0x00000191b79da5a0 JavaThread "jar transforms Thread 3"           [_thread_blocked, id=2192, stack(0x0000004adeb00000,0x0000004adec00000) (1024K)]
  0x00000191b79dc670 JavaThread "jar transforms Thread 4"           [_thread_blocked, id=2832, stack(0x0000004adec00000,0x0000004aded00000) (1024K)]
  0x00000191b69ad0f0 JavaThread "C2 CompilerThread1"         daemon [_thread_in_native, id=8696, stack(0x0000004aded00000,0x0000004adee00000) (1024K)]
  0x00000191b79db950 JavaThread "Cache worker for checksums cache (D:\Projects\Rythm-Music\.gradle\8.13\checksums)"        [_thread_blocked, id=2656, stack(0x0000004adee00000,0x0000004adef00000) (1024K)]
  0x00000191b79de740 JavaThread "Cache worker for file content cache (C:\Users\Ivan\.gradle\caches\8.13\fileContent)"        [_thread_blocked, id=11964, stack(0x0000004adef00000,0x0000004adf000000) (1024K)]
  0x00000191b79dbfe0 JavaThread "Cache worker for cache directory md-supplier (C:\Users\Ivan\.gradle\caches\8.13\md-supplier)"        [_thread_blocked, id=13252, stack(0x0000004adf000000,0x0000004adf100000) (1024K)]
  0x00000191b79dedd0 JavaThread "Cache worker for cache directory md-rule (C:\Users\Ivan\.gradle\caches\8.13\md-rule)"        [_thread_blocked, id=13340, stack(0x0000004adf100000,0x0000004adf200000) (1024K)]
  0x00000191b79d8b60 JavaThread "Unconstrained build operations"        [_thread_blocked, id=12388, stack(0x0000004adf200000,0x0000004adf300000) (1024K)]
  0x00000191b79df460 JavaThread "Unconstrained build operations Thread 2"        [_thread_blocked, id=10800, stack(0x0000004adf300000,0x0000004adf400000) (1024K)]
  0x00000191b79d84d0 JavaThread "Unconstrained build operations Thread 3"        [_thread_blocked, id=5080, stack(0x0000004adf400000,0x0000004adf500000) (1024K)]
  0x00000191b91e32c0 JavaThread "Unconstrained build operations Thread 4"        [_thread_blocked, id=3052, stack(0x0000004adf500000,0x0000004adf600000) (1024K)]
Total: 41

Other Threads:
  0x00000191af487360 VMThread "VM Thread"                           [id=12700, stack(0x0000004adcb00000,0x0000004adcc00000) (1024K)]
  0x00000191af2f4e40 WatcherThread "VM Periodic Task Thread"        [id=14176, stack(0x0000004adca00000,0x0000004adcb00000) (1024K)]
  0x00000191984c6d90 WorkerThread "GC Thread#0"                     [id=12544, stack(0x0000004adc500000,0x0000004adc600000) (1024K)]
  0x00000191b429d080 WorkerThread "GC Thread#1"                     [id=10468, stack(0x0000004add600000,0x0000004add700000) (1024K)]
  0x00000191b42a0810 WorkerThread "GC Thread#2"                     [id=13972, stack(0x0000004add700000,0x0000004add800000) (1024K)]
  0x00000191b42a0bb0 WorkerThread "GC Thread#3"                     [id=6896, stack(0x0000004add800000,0x0000004add900000) (1024K)]
  0x00000191984d7c90 ConcurrentGCThread "G1 Main Marker"            [id=2436, stack(0x0000004adc600000,0x0000004adc700000) (1024K)]
  0x00000191984d8e50 WorkerThread "G1 Conc#0"                       [id=2036, stack(0x0000004adc700000,0x0000004adc800000) (1024K)]
  0x00000191af1c72f0 ConcurrentGCThread "G1 Refine#0"               [id=3732, stack(0x0000004adc800000,0x0000004adc900000) (1024K)]
  0x00000191af1c7c10 ConcurrentGCThread "G1 Service"                [id=2964, stack(0x0000004adc900000,0x0000004adca00000) (1024K)]
Total: 10

Threads with active compile tasks:
C2 CompilerThread0  51864 7331 %     4       org.objectweb.asm.ClassReader::readCode @ 2187 (5117 bytes)
C2 CompilerThread1  51864 7335       4       org.objectweb.asm.MethodWriter::visitIntInsn (113 bytes)
Total: 2

VM state: not at safepoint (normal execution)

VM Mutex/Monitor currently owned by a thread: None

Heap address: 0x0000000080000000, size: 2048 MB, Compressed Oops mode: 32-bit

CDS archive(s) not mapped
Compressed class space mapped at: 0x0000000100000000-0x0000000140000000, reserved size: 1073741824
Narrow klass base: 0x0000000000000000, Narrow klass shift: 3, Narrow klass range: 0x140000000

GC Precious Log:
 CardTable entry size: 512
 Card Set container configuration: InlinePtr #cards 5 size 8 Array Of Cards #cards 12 size 40 Howl #buckets 4 coarsen threshold 1843 Howl Bitmap #cards 512 size 80 coarsen threshold 460 Card regions per heap region 1 cards per card region 2048
 CPUs: 4 total, 4 available
 Memory: 14278M
 Large Page Support: Disabled
 NUMA Support: Disabled
 Compressed Oops: Enabled (32-bit)
 Heap Region Size: 1M
 Heap Min Capacity: 8M
 Heap Initial Capacity: 224M
 Heap Max Capacity: 2G
 Pre-touch: Disabled
 Parallel Workers: 4
 Concurrent Workers: 1
 Concurrent Refinement Workers: 4
 Periodic GC: Disabled

Heap:
 garbage-first heap   total 152576K, used 112646K [0x0000000080000000, 0x0000000100000000)
  region size 1024K, 41 young (41984K), 6 survivors (6144K)
 Metaspace       used 59986K, committed 61440K, reserved 1114112K
  class space    used 8431K, committed 9152K, reserved 1048576K

Heap Regions: E=young(eden), S=young(survivor), O=old, HS=humongous(starts), HC=humongous(continues), CS=collection set, F=free, TAMS=top-at-mark-start, PB=parsable bottom
|   0|0x0000000080000000, 0x0000000080100000, 0x0000000080100000|100%| O|  |TAMS 0x0000000080000000| PB 0x0000000080000000| Untracked 
|   1|0x0000000080100000, 0x0000000080200000, 0x0000000080200000|100%|HS|  |TAMS 0x0000000080100000| PB 0x0000000080100000| Complete 
|   2|0x0000000080200000, 0x0000000080300000, 0x0000000080300000|100%|HC|  |TAMS 0x0000000080200000| PB 0x0000000080200000| Complete 
|   3|0x0000000080300000, 0x0000000080400000, 0x0000000080400000|100%|HC|  |TAMS 0x0000000080300000| PB 0x0000000080300000| Complete 
|   4|0x0000000080400000, 0x0000000080500000, 0x0000000080500000|100%|HS|  |TAMS 0x0000000080400000| PB 0x0000000080400000| Complete 
|   5|0x0000000080500000, 0x0000000080600000, 0x0000000080600000|100%| O|  |TAMS 0x0000000080500000| PB 0x0000000080500000| Untracked 
|   6|0x0000000080600000, 0x0000000080700000, 0x0000000080700000|100%| O|  |TAMS 0x0000000080600000| PB 0x0000000080600000| Untracked 
|   7|0x0000000080700000, 0x0000000080800000, 0x0000000080800000|100%| O|  |TAMS 0x0000000080700000| PB 0x0000000080700000| Untracked 
|   8|0x0000000080800000, 0x0000000080900000, 0x0000000080900000|100%| O|  |TAMS 0x0000000080800000| PB 0x0000000080800000| Untracked 
|   9|0x0000000080900000, 0x0000000080a00000, 0x0000000080a00000|100%| O|  |TAMS 0x0000000080900000| PB 0x0000000080900000| Untracked 
|  10|0x0000000080a00000, 0x0000000080b00000, 0x0000000080b00000|100%| O|  |TAMS 0x0000000080a00000| PB 0x0000000080a00000| Untracked 
|  11|0x0000000080b00000, 0x0000000080c00000, 0x0000000080c00000|100%| O|  |TAMS 0x0000000080b00000| PB 0x0000000080b00000| Untracked 
|  12|0x0000000080c00000, 0x0000000080d00000, 0x0000000080d00000|100%| O|  |TAMS 0x0000000080c00000| PB 0x0000000080c00000| Untracked 
|  13|0x0000000080d00000, 0x0000000080e00000, 0x0000000080e00000|100%| O|  |TAMS 0x0000000080d00000| PB 0x0000000080d00000| Untracked 
|  14|0x0000000080e00000, 0x0000000080f00000, 0x0000000080f00000|100%| O|  |TAMS 0x0000000080e00000| PB 0x0000000080e00000| Untracked 
|  15|0x0000000080f00000, 0x0000000081000000, 0x0000000081000000|100%| O|  |TAMS 0x0000000080f00000| PB 0x0000000080f00000| Untracked 
|  16|0x0000000081000000, 0x0000000081100000, 0x0000000081100000|100%| O|  |TAMS 0x0000000081000000| PB 0x0000000081000000| Untracked 
|  17|0x0000000081100000, 0x0000000081200000, 0x0000000081200000|100%| O|  |TAMS 0x0000000081100000| PB 0x0000000081100000| Untracked 
|  18|0x0000000081200000, 0x0000000081300000, 0x0000000081300000|100%| O|  |TAMS 0x0000000081200000| PB 0x0000000081200000| Untracked 
|  19|0x0000000081300000, 0x00000000813caf50, 0x0000000081400000| 79%| O|  |TAMS 0x0000000081300000| PB 0x0000000081300000| Untracked 
|  20|0x0000000081400000, 0x0000000081500000, 0x0000000081500000|100%| O|  |TAMS 0x0000000081400000| PB 0x0000000081400000| Untracked 
|  21|0x0000000081500000, 0x0000000081600000, 0x0000000081600000|100%| O|  |TAMS 0x0000000081500000| PB 0x0000000081500000| Untracked 
|  22|0x0000000081600000, 0x0000000081700000, 0x0000000081700000|100%| O|  |TAMS 0x0000000081600000| PB 0x0000000081600000| Untracked 
|  23|0x0000000081700000, 0x0000000081800000, 0x0000000081800000|100%|HS|  |TAMS 0x0000000081700000| PB 0x0000000081700000| Complete 
|  24|0x0000000081800000, 0x0000000081900000, 0x0000000081900000|100%|HC|  |TAMS 0x0000000081800000| PB 0x0000000081800000| Complete 
|  25|0x0000000081900000, 0x0000000081a00000, 0x0000000081a00000|100%|HC|  |TAMS 0x0000000081900000| PB 0x0000000081900000| Complete 
|  26|0x0000000081a00000, 0x0000000081b00000, 0x0000000081b00000|100%|HC|  |TAMS 0x0000000081a00000| PB 0x0000000081a00000| Complete 
|  27|0x0000000081b00000, 0x0000000081c00000, 0x0000000081c00000|100%|HC|  |TAMS 0x0000000081b00000| PB 0x0000000081b00000| Complete 
|  28|0x0000000081c00000, 0x0000000081d00000, 0x0000000081d00000|100%|HC|  |TAMS 0x0000000081c00000| PB 0x0000000081c00000| Complete 
|  29|0x0000000081d00000, 0x0000000081e00000, 0x0000000081e00000|100%|HS|  |TAMS 0x0000000081d00000| PB 0x0000000081d00000| Complete 
|  30|0x0000000081e00000, 0x0000000081f00000, 0x0000000081f00000|100%|HC|  |TAMS 0x0000000081e00000| PB 0x0000000081e00000| Complete 
|  31|0x0000000081f00000, 0x0000000082000000, 0x0000000082000000|100%|HS|  |TAMS 0x0000000081f00000| PB 0x0000000081f00000| Complete 
|  32|0x0000000082000000, 0x0000000082100000, 0x0000000082100000|100%|HS|  |TAMS 0x0000000082000000| PB 0x0000000082000000| Complete 
|  33|0x0000000082100000, 0x0000000082200000, 0x0000000082200000|100%|HC|  |TAMS 0x0000000082100000| PB 0x0000000082100000| Complete 
|  34|0x0000000082200000, 0x0000000082300000, 0x0000000082300000|100%|HC|  |TAMS 0x0000000082200000| PB 0x0000000082200000| Complete 
|  35|0x0000000082300000, 0x0000000082400000, 0x0000000082400000|100%|HC|  |TAMS 0x0000000082300000| PB 0x0000000082300000| Complete 
|  36|0x0000000082400000, 0x0000000082500000, 0x0000000082500000|100%|HC|  |TAMS 0x0000000082400000| PB 0x0000000082400000| Complete 
|  37|0x0000000082500000, 0x0000000082600000, 0x0000000082600000|100%|HC|  |TAMS 0x0000000082500000| PB 0x0000000082500000| Complete 
|  38|0x0000000082600000, 0x0000000082700000, 0x0000000082700000|100%|HS|  |TAMS 0x0000000082600000| PB 0x0000000082600000| Complete 
|  39|0x0000000082700000, 0x0000000082800000, 0x0000000082800000|100%|HC|  |TAMS 0x0000000082700000| PB 0x0000000082700000| Complete 
|  40|0x0000000082800000, 0x0000000082900000, 0x0000000082900000|100%|HS|  |TAMS 0x0000000082800000| PB 0x0000000082800000| Complete 
|  41|0x0000000082900000, 0x0000000082a00000, 0x0000000082a00000|100%| O|  |TAMS 0x0000000082900000| PB 0x0000000082900000| Untracked 
|  42|0x0000000082a00000, 0x0000000082b00000, 0x0000000082b00000|100%| O|  |TAMS 0x0000000082a00000| PB 0x0000000082a00000| Untracked 
|  43|0x0000000082b00000, 0x0000000082c00000, 0x0000000082c00000|100%| O|  |TAMS 0x0000000082b00000| PB 0x0000000082b00000| Untracked 
|  44|0x0000000082c00000, 0x0000000082d00000, 0x0000000082d00000|100%| O|  |TAMS 0x0000000082c00000| PB 0x0000000082c00000| Untracked 
|  45|0x0000000082d00000, 0x0000000082e00000, 0x0000000082e00000|100%| O|  |TAMS 0x0000000082d00000| PB 0x0000000082d00000| Untracked 
|  46|0x0000000082e00000, 0x0000000082f00000, 0x0000000082f00000|100%| O|  |TAMS 0x0000000082e00000| PB 0x0000000082e00000| Untracked 
|  47|0x0000000082f00000, 0x0000000083000000, 0x0000000083000000|100%| O|  |TAMS 0x0000000082f00000| PB 0x0000000082f00000| Untracked 
|  48|0x0000000083000000, 0x0000000083100000, 0x0000000083100000|100%| O|  |TAMS 0x0000000083000000| PB 0x0000000083000000| Untracked 
|  49|0x0000000083100000, 0x0000000083200000, 0x0000000083200000|100%| O|  |TAMS 0x0000000083100000| PB 0x0000000083100000| Untracked 
|  50|0x0000000083200000, 0x0000000083200000, 0x0000000083300000|  0%| F|  |TAMS 0x0000000083200000| PB 0x0000000083200000| Untracked 
|  51|0x0000000083300000, 0x0000000083400000, 0x0000000083400000|100%| O|  |TAMS 0x0000000083300000| PB 0x0000000083300000| Untracked 
|  52|0x0000000083400000, 0x0000000083500000, 0x0000000083500000|100%| O|  |TAMS 0x0000000083400000| PB 0x0000000083400000| Untracked 
|  53|0x0000000083500000, 0x0000000083600000, 0x0000000083600000|100%| O|  |TAMS 0x0000000083500000| PB 0x0000000083500000| Untracked 
|  54|0x0000000083600000, 0x0000000083700000, 0x0000000083700000|100%| O|  |TAMS 0x0000000083600000| PB 0x0000000083600000| Untracked 
|  55|0x0000000083700000, 0x0000000083800000, 0x0000000083800000|100%| O|  |TAMS 0x0000000083700000| PB 0x0000000083700000| Untracked 
|  56|0x0000000083800000, 0x0000000083900000, 0x0000000083900000|100%| O|  |TAMS 0x0000000083800000| PB 0x0000000083800000| Untracked 
|  57|0x0000000083900000, 0x0000000083a00000, 0x0000000083a00000|100%| O|  |TAMS 0x0000000083900000| PB 0x0000000083900000| Untracked 
|  58|0x0000000083a00000, 0x0000000083b00000, 0x0000000083b00000|100%| O|  |TAMS 0x0000000083a00000| PB 0x0000000083a00000| Untracked 
|  59|0x0000000083b00000, 0x0000000083c00000, 0x0000000083c00000|100%| O|  |TAMS 0x0000000083b00000| PB 0x0000000083b00000| Untracked 
|  60|0x0000000083c00000, 0x0000000083c00000, 0x0000000083d00000|  0%| F|  |TAMS 0x0000000083c00000| PB 0x0000000083c00000| Untracked 
|  61|0x0000000083d00000, 0x0000000083d36c18, 0x0000000083e00000| 21%| S|CS|TAMS 0x0000000083d00000| PB 0x0000000083d00000| Complete 
|  62|0x0000000083e00000, 0x0000000083f00000, 0x0000000083f00000|100%| O|  |TAMS 0x0000000083e00000| PB 0x0000000083e00000| Untracked 
|  63|0x0000000083f00000, 0x0000000084000000, 0x0000000084000000|100%| O|  |TAMS 0x0000000083f00000| PB 0x0000000083f00000| Untracked 
|  64|0x0000000084000000, 0x0000000084100000, 0x0000000084100000|100%| S|CS|TAMS 0x0000000084000000| PB 0x0000000084000000| Complete 
|  65|0x0000000084100000, 0x0000000084200000, 0x0000000084200000|100%| O|  |TAMS 0x0000000084100000| PB 0x0000000084100000| Untracked 
|  66|0x0000000084200000, 0x0000000084300000, 0x0000000084300000|100%| O|  |TAMS 0x0000000084200000| PB 0x0000000084200000| Untracked 
|  67|0x0000000084300000, 0x0000000084400000, 0x0000000084400000|100%| O|  |TAMS 0x0000000084300000| PB 0x0000000084300000| Untracked 
|  68|0x0000000084400000, 0x0000000084500000, 0x0000000084500000|100%| O|  |TAMS 0x0000000084400000| PB 0x0000000084400000| Untracked 
|  69|0x0000000084500000, 0x0000000084600000, 0x0000000084600000|100%| O|  |TAMS 0x0000000084500000| PB 0x0000000084500000| Untracked 
|  70|0x0000000084600000, 0x0000000084700000, 0x0000000084700000|100%| O|  |TAMS 0x0000000084600000| PB 0x0000000084600000| Untracked 
|  71|0x0000000084700000, 0x0000000084700000, 0x0000000084800000|  0%| F|  |TAMS 0x0000000084700000| PB 0x0000000084700000| Untracked 
|  72|0x0000000084800000, 0x0000000084800000, 0x0000000084900000|  0%| F|  |TAMS 0x0000000084800000| PB 0x0000000084800000| Untracked 
|  73|0x0000000084900000, 0x0000000084900000, 0x0000000084a00000|  0%| F|  |TAMS 0x0000000084900000| PB 0x0000000084900000| Untracked 
|  74|0x0000000084a00000, 0x0000000084a00000, 0x0000000084b00000|  0%| F|  |TAMS 0x0000000084a00000| PB 0x0000000084a00000| Untracked 
|  75|0x0000000084b00000, 0x0000000084b00000, 0x0000000084c00000|  0%| F|  |TAMS 0x0000000084b00000| PB 0x0000000084b00000| Untracked 
|  76|0x0000000084c00000, 0x0000000084d00000, 0x0000000084d00000|100%| S|CS|TAMS 0x0000000084c00000| PB 0x0000000084c00000| Complete 
|  77|0x0000000084d00000, 0x0000000084e00000, 0x0000000084e00000|100%| S|CS|TAMS 0x0000000084d00000| PB 0x0000000084d00000| Complete 
|  78|0x0000000084e00000, 0x0000000084f00000, 0x0000000084f00000|100%| S|CS|TAMS 0x0000000084e00000| PB 0x0000000084e00000| Complete 
|  79|0x0000000084f00000, 0x0000000085000000, 0x0000000085000000|100%| S|CS|TAMS 0x0000000084f00000| PB 0x0000000084f00000| Complete 
|  80|0x0000000085000000, 0x0000000085000000, 0x0000000085100000|  0%| F|  |TAMS 0x0000000085000000| PB 0x0000000085000000| Untracked 
|  81|0x0000000085100000, 0x0000000085100000, 0x0000000085200000|  0%| F|  |TAMS 0x0000000085100000| PB 0x0000000085100000| Untracked 
|  82|0x0000000085200000, 0x0000000085200000, 0x0000000085300000|  0%| F|  |TAMS 0x0000000085200000| PB 0x0000000085200000| Untracked 
|  83|0x0000000085300000, 0x0000000085300000, 0x0000000085400000|  0%| F|  |TAMS 0x0000000085300000| PB 0x0000000085300000| Untracked 
|  84|0x0000000085400000, 0x0000000085400000, 0x0000000085500000|  0%| F|  |TAMS 0x0000000085400000| PB 0x0000000085400000| Untracked 
|  85|0x0000000085500000, 0x0000000085500000, 0x0000000085600000|  0%| F|  |TAMS 0x0000000085500000| PB 0x0000000085500000| Untracked 
|  86|0x0000000085600000, 0x0000000085600000, 0x0000000085700000|  0%| F|  |TAMS 0x0000000085600000| PB 0x0000000085600000| Untracked 
|  87|0x0000000085700000, 0x0000000085700000, 0x0000000085800000|  0%| F|  |TAMS 0x0000000085700000| PB 0x0000000085700000| Untracked 
|  88|0x0000000085800000, 0x0000000085800000, 0x0000000085900000|  0%| F|  |TAMS 0x0000000085800000| PB 0x0000000085800000| Untracked 
|  89|0x0000000085900000, 0x0000000085900000, 0x0000000085a00000|  0%| F|  |TAMS 0x0000000085900000| PB 0x0000000085900000| Untracked 
|  90|0x0000000085a00000, 0x0000000085a00000, 0x0000000085b00000|  0%| F|  |TAMS 0x0000000085a00000| PB 0x0000000085a00000| Untracked 
|  91|0x0000000085b00000, 0x0000000085b00000, 0x0000000085c00000|  0%| F|  |TAMS 0x0000000085b00000| PB 0x0000000085b00000| Untracked 
|  92|0x0000000085c00000, 0x0000000085c00000, 0x0000000085d00000|  0%| F|  |TAMS 0x0000000085c00000| PB 0x0000000085c00000| Untracked 
|  93|0x0000000085d00000, 0x0000000085d00000, 0x0000000085e00000|  0%| F|  |TAMS 0x0000000085d00000| PB 0x0000000085d00000| Untracked 
|  94|0x0000000085e00000, 0x0000000085e00000, 0x0000000085f00000|  0%| F|  |TAMS 0x0000000085e00000| PB 0x0000000085e00000| Untracked 
|  95|0x0000000085f00000, 0x0000000085f00000, 0x0000000086000000|  0%| F|  |TAMS 0x0000000085f00000| PB 0x0000000085f00000| Untracked 
|  96|0x0000000086000000, 0x0000000086000000, 0x0000000086100000|  0%| F|  |TAMS 0x0000000086000000| PB 0x0000000086000000| Untracked 
|  97|0x0000000086100000, 0x0000000086100000, 0x0000000086200000|  0%| F|  |TAMS 0x0000000086100000| PB 0x0000000086100000| Untracked 
|  98|0x0000000086200000, 0x0000000086200000, 0x0000000086300000|  0%| F|  |TAMS 0x0000000086200000| PB 0x0000000086200000| Untracked 
|  99|0x0000000086300000, 0x0000000086300000, 0x0000000086400000|  0%| F|  |TAMS 0x0000000086300000| PB 0x0000000086300000| Untracked 
| 100|0x0000000086400000, 0x0000000086400000, 0x0000000086500000|  0%| F|  |TAMS 0x0000000086400000| PB 0x0000000086400000| Untracked 
| 101|0x0000000086500000, 0x0000000086500000, 0x0000000086600000|  0%| F|  |TAMS 0x0000000086500000| PB 0x0000000086500000| Untracked 
| 102|0x0000000086600000, 0x0000000086600000, 0x0000000086700000|  0%| F|  |TAMS 0x0000000086600000| PB 0x0000000086600000| Untracked 
| 103|0x0000000086700000, 0x0000000086700000, 0x0000000086800000|  0%| F|  |TAMS 0x0000000086700000| PB 0x0000000086700000| Untracked 
| 104|0x0000000086800000, 0x0000000086800000, 0x0000000086900000|  0%| F|  |TAMS 0x0000000086800000| PB 0x0000000086800000| Untracked 
| 105|0x0000000086900000, 0x0000000086900000, 0x0000000086a00000|  0%| F|  |TAMS 0x0000000086900000| PB 0x0000000086900000| Untracked 
| 106|0x0000000086a00000, 0x0000000086a00000, 0x0000000086b00000|  0%| F|  |TAMS 0x0000000086a00000| PB 0x0000000086a00000| Untracked 
| 107|0x0000000086b00000, 0x0000000086b00000, 0x0000000086c00000|  0%| F|  |TAMS 0x0000000086b00000| PB 0x0000000086b00000| Untracked 
| 108|0x0000000086c00000, 0x0000000086c00000, 0x0000000086d00000|  0%| F|  |TAMS 0x0000000086c00000| PB 0x0000000086c00000| Untracked 
| 109|0x0000000086d00000, 0x0000000086d80000, 0x0000000086e00000| 50%| E|  |TAMS 0x0000000086d00000| PB 0x0000000086d00000| Complete 
| 110|0x0000000086e00000, 0x0000000086f00000, 0x0000000086f00000|100%| E|CS|TAMS 0x0000000086e00000| PB 0x0000000086e00000| Complete 
| 111|0x0000000086f00000, 0x0000000087000000, 0x0000000087000000|100%| E|CS|TAMS 0x0000000086f00000| PB 0x0000000086f00000| Complete 
| 112|0x0000000087000000, 0x0000000087100000, 0x0000000087100000|100%| E|CS|TAMS 0x0000000087000000| PB 0x0000000087000000| Complete 
| 113|0x0000000087100000, 0x0000000087200000, 0x0000000087200000|100%| E|CS|TAMS 0x0000000087100000| PB 0x0000000087100000| Complete 
| 114|0x0000000087200000, 0x0000000087300000, 0x0000000087300000|100%| E|CS|TAMS 0x0000000087200000| PB 0x0000000087200000| Complete 
| 115|0x0000000087300000, 0x0000000087400000, 0x0000000087400000|100%| E|CS|TAMS 0x0000000087300000| PB 0x0000000087300000| Complete 
| 116|0x0000000087400000, 0x0000000087500000, 0x0000000087500000|100%| E|CS|TAMS 0x0000000087400000| PB 0x0000000087400000| Complete 
| 117|0x0000000087500000, 0x0000000087600000, 0x0000000087600000|100%| E|CS|TAMS 0x0000000087500000| PB 0x0000000087500000| Complete 
| 118|0x0000000087600000, 0x0000000087700000, 0x0000000087700000|100%| E|CS|TAMS 0x0000000087600000| PB 0x0000000087600000| Complete 
| 119|0x0000000087700000, 0x0000000087800000, 0x0000000087800000|100%| E|CS|TAMS 0x0000000087700000| PB 0x0000000087700000| Complete 
| 120|0x0000000087800000, 0x0000000087900000, 0x0000000087900000|100%| E|CS|TAMS 0x0000000087800000| PB 0x0000000087800000| Complete 
| 121|0x0000000087900000, 0x0000000087a00000, 0x0000000087a00000|100%| E|CS|TAMS 0x0000000087900000| PB 0x0000000087900000| Complete 
| 122|0x0000000087a00000, 0x0000000087b00000, 0x0000000087b00000|100%| E|CS|TAMS 0x0000000087a00000| PB 0x0000000087a00000| Complete 
| 123|0x0000000087b00000, 0x0000000087c00000, 0x0000000087c00000|100%| E|CS|TAMS 0x0000000087b00000| PB 0x0000000087b00000| Complete 
| 124|0x0000000087c00000, 0x0000000087d00000, 0x0000000087d00000|100%| E|CS|TAMS 0x0000000087c00000| PB 0x0000000087c00000| Complete 
| 125|0x0000000087d00000, 0x0000000087e00000, 0x0000000087e00000|100%| E|CS|TAMS 0x0000000087d00000| PB 0x0000000087d00000| Complete 
| 126|0x0000000087e00000, 0x0000000087f00000, 0x0000000087f00000|100%| E|CS|TAMS 0x0000000087e00000| PB 0x0000000087e00000| Complete 
| 127|0x0000000087f00000, 0x0000000088000000, 0x0000000088000000|100%| E|CS|TAMS 0x0000000087f00000| PB 0x0000000087f00000| Complete 
| 128|0x0000000088000000, 0x0000000088100000, 0x0000000088100000|100%| E|CS|TAMS 0x0000000088000000| PB 0x0000000088000000| Complete 
| 129|0x0000000088100000, 0x0000000088200000, 0x0000000088200000|100%| E|CS|TAMS 0x0000000088100000| PB 0x0000000088100000| Complete 
| 130|0x0000000088200000, 0x0000000088300000, 0x0000000088300000|100%| E|CS|TAMS 0x0000000088200000| PB 0x0000000088200000| Complete 
| 131|0x0000000088300000, 0x0000000088400000, 0x0000000088400000|100%| E|CS|TAMS 0x0000000088300000| PB 0x0000000088300000| Complete 
| 132|0x0000000088400000, 0x0000000088500000, 0x0000000088500000|100%| E|CS|TAMS 0x0000000088400000| PB 0x0000000088400000| Complete 
| 133|0x0000000088500000, 0x0000000088600000, 0x0000000088600000|100%| E|CS|TAMS 0x0000000088500000| PB 0x0000000088500000| Complete 
| 134|0x0000000088600000, 0x0000000088700000, 0x0000000088700000|100%| E|CS|TAMS 0x0000000088600000| PB 0x0000000088600000| Complete 
| 135|0x0000000088700000, 0x0000000088800000, 0x0000000088800000|100%| E|CS|TAMS 0x0000000088700000| PB 0x0000000088700000| Complete 
| 136|0x0000000088800000, 0x0000000088900000, 0x0000000088900000|100%| E|CS|TAMS 0x0000000088800000| PB 0x0000000088800000| Complete 
| 137|0x0000000088900000, 0x0000000088a00000, 0x0000000088a00000|100%| E|CS|TAMS 0x0000000088900000| PB 0x0000000088900000| Complete 
| 138|0x0000000088a00000, 0x0000000088b00000, 0x0000000088b00000|100%| E|CS|TAMS 0x0000000088a00000| PB 0x0000000088a00000| Complete 
| 197|0x000000008c500000, 0x000000008c600000, 0x000000008c600000|100%| E|CS|TAMS 0x000000008c500000| PB 0x000000008c500000| Complete 
| 198|0x000000008c600000, 0x000000008c700000, 0x000000008c700000|100%| E|CS|TAMS 0x000000008c600000| PB 0x000000008c600000| Complete 
| 199|0x000000008c700000, 0x000000008c800000, 0x000000008c800000|100%| E|CS|TAMS 0x000000008c700000| PB 0x000000008c700000| Complete 
| 200|0x000000008c800000, 0x000000008c900000, 0x000000008c900000|100%| E|CS|TAMS 0x000000008c800000| PB 0x000000008c800000| Complete 
|2042|0x00000000ffa00000, 0x00000000ffb00000, 0x00000000ffb00000|100%| E|CS|TAMS 0x00000000ffa00000| PB 0x00000000ffa00000| Complete 
|2043|0x00000000ffb00000, 0x00000000ffc00000, 0x00000000ffc00000|100%| O|  |TAMS 0x00000000ffb00000| PB 0x00000000ffb00000| Untracked 
|2044|0x00000000ffc00000, 0x00000000ffd00000, 0x00000000ffd00000|100%| O|  |TAMS 0x00000000ffc00000| PB 0x00000000ffc00000| Untracked 
|2045|0x00000000ffd00000, 0x00000000ffe00000, 0x00000000ffe00000|100%| O|  |TAMS 0x00000000ffd00000| PB 0x00000000ffd00000| Untracked 
|2046|0x00000000ffe00000, 0x00000000fff00000, 0x00000000fff00000|100%| O|  |TAMS 0x00000000ffe00000| PB 0x00000000ffe00000| Untracked 
|2047|0x00000000fff00000, 0x0000000100000000, 0x0000000100000000|100%| E|CS|TAMS 0x00000000fff00000| PB 0x00000000fff00000| Complete 

Card table byte_map: [0x00000191aa9e0000,0x00000191aade0000] _byte_map_base: 0x00000191aa5e0000

Marking Bits: (CMBitMap*) 0x00000191984c7240
 Bits: [0x00000191aade0000, 0x00000191acde0000)

Polling page: 0x0000019196330000

Metaspace:

Usage:
  Non-class:     50.35 MB used.
      Class:      8.23 MB used.
       Both:     58.58 MB used.

Virtual space:
  Non-class space:       64.00 MB reserved,      51.06 MB ( 80%) committed,  1 nodes.
      Class space:        1.00 GB reserved,       8.94 MB ( <1%) committed,  1 nodes.
             Both:        1.06 GB reserved,      60.00 MB (  6%) committed. 

Chunk freelists:
   Non-Class:  12.00 MB
       Class:  6.92 MB
        Both:  18.92 MB

MaxMetaspaceSize: unlimited
CompressedClassSpaceSize: 1.00 GB
Initial GC threshold: 21.00 MB
Current GC threshold: 99.81 MB
CDS: off
 - commit_granule_bytes: 65536.
 - commit_granule_words: 8192.
 - virtual_space_node_default_size: 8388608.
 - enlarge_chunks_in_place: 1.
 - use_allocation_guard: 0.


Internal statistics:

num_allocs_failed_limit: 6.
num_arena_births: 2788.
num_arena_deaths: 0.
num_vsnodes_births: 2.
num_vsnodes_deaths: 0.
num_space_committed: 960.
num_space_uncommitted: 0.
num_chunks_returned_to_freelist: 6.
num_chunks_taken_from_freelist: 5233.
num_chunk_merges: 6.
num_chunk_splits: 3324.
num_chunks_enlarged: 1953.
num_inconsistent_stats: 0.

CodeHeap 'non-profiled nmethods': size=120000Kb used=4501Kb max_used=4501Kb free=115498Kb
 bounds [0x00000191a30b0000, 0x00000191a3530000, 0x00000191aa5e0000]
CodeHeap 'profiled nmethods': size=120000Kb used=11700Kb max_used=12060Kb free=108299Kb
 bounds [0x000001919b5e0000, 0x000001919c1b0000, 0x00000191a2b10000]
CodeHeap 'non-nmethods': size=5760Kb used=2564Kb max_used=2665Kb free=3195Kb
 bounds [0x00000191a2b10000, 0x00000191a2db0000, 0x00000191a30b0000]
CodeCache: size=245760Kb, used=18765Kb, max_used=19226Kb, free=226992Kb
 total_blobs=6717, nmethods=5859, adapters=762, full_count=0
Compilation: enabled, stopped_count=0, restarted_count=0

Compilation events (20 events):
Event: 51.708 Thread 0x00000191af520810 nmethod 7207 0x00000191a31b4590 code [0x00000191a31b4720, 0x00000191a31b4868]
Event: 51.708 Thread 0x00000191af520810 7210       4       org.objectweb.asm.ClassVisitor::visit (50 bytes)
Event: 51.709 Thread 0x00000191af520810 nmethod 7210 0x00000191a31b4010 code [0x00000191a31b41a0, 0x00000191a31b42b8]
Event: 51.709 Thread 0x00000191af520810 7209       4       org.objectweb.asm.ClassVisitor::visitSource (17 bytes)
Event: 51.710 Thread 0x00000191af520810 nmethod 7209 0x00000191a30d3d90 code [0x00000191a30d3f20, 0x00000191a30d3ff0]
Event: 51.710 Thread 0x00000191af520810 7203       4       java.nio.CharBuffer::limit (6 bytes)
Event: 51.711 Thread 0x00000191af520810 nmethod 7203 0x00000191a30d3a10 code [0x00000191a30d3ba0, 0x00000191a30d3cb0]
Event: 51.711 Thread 0x00000191af520810 7204       4       java.nio.CharBuffer::<init> (24 bytes)
Event: 51.716 Thread 0x00000191af520810 nmethod 7204 0x00000191a33ec210 code [0x00000191a33ec3c0, 0x00000191a33ec7c8]
Event: 51.716 Thread 0x00000191af520810 7202       4       org.objectweb.asm.ClassVisitor::visitEnd (15 bytes)
Event: 51.717 Thread 0x00000191af520810 nmethod 7202 0x00000191a30d3710 code [0x00000191a30d38a0, 0x00000191a30d3970]
Event: 51.717 Thread 0x00000191af520810 7329       4       org.apache.commons.compress.archivers.zip.StreamCompressor::writeCounted (30 bytes)
Event: 51.719 Thread 0x00000191af520810 nmethod 7329 0x00000191a33ebd90 code [0x00000191a33ebf40, 0x00000191a33ec088]
Event: 51.719 Thread 0x00000191af520810 7196       4       java.nio.charset.CharsetEncoder::<init> (16 bytes)
Event: 51.726 Thread 0x00000191af520810 nmethod 7196 0x00000191a341f310 code [0x00000191a341f520, 0x00000191a341fd40]
Event: 51.726 Thread 0x00000191af520810 7331 %     4       org.objectweb.asm.ClassReader::readCode @ 2187 (5117 bytes)
Event: 51.742 Thread 0x00000191af5216a0 7336       3       org.objectweb.asm.ClassReader::readElementValue (1237 bytes)
Event: 51.747 Thread 0x00000191af5216a0 nmethod 7336 0x000001919bf4f490 code [0x000001919bf4fd40, 0x000001919bf543d0]
Event: 51.747 Thread 0x00000191af5216a0 7337       3       org.apache.commons.compress.archivers.zip.ZipLong::getBytes (12 bytes)
Event: 51.747 Thread 0x00000191af5216a0 nmethod 7337 0x000001919bfe8c90 code [0x000001919bfe8e40, 0x000001919bfe9000]

GC Heap History (20 events):
Event: 46.300 GC heap before
{Heap before GC invocations=21 (full 0):
 garbage-first heap   total 119808K, used 109404K [0x0000000080000000, 0x0000000100000000)
  region size 1024K, 45 young (46080K), 6 survivors (6144K)
 Metaspace       used 58397K, committed 59840K, reserved 1114112K
  class space    used 8265K, committed 8960K, reserved 1048576K
}
Event: 46.316 GC heap after
{Heap after GC invocations=22 (full 0):
 garbage-first heap   total 120832K, used 74104K [0x0000000080000000, 0x0000000100000000)
  region size 1024K, 6 young (6144K), 6 survivors (6144K)
 Metaspace       used 58397K, committed 59840K, reserved 1114112K
  class space    used 8265K, committed 8960K, reserved 1048576K
}
Event: 47.093 GC heap before
{Heap before GC invocations=22 (full 0):
 garbage-first heap   total 120832K, used 108920K [0x0000000080000000, 0x0000000100000000)
  region size 1024K, 40 young (40960K), 6 survivors (6144K)
 Metaspace       used 59742K, committed 61248K, reserved 1114112K
  class space    used 8431K, committed 9152K, reserved 1048576K
}
Event: 47.105 GC heap after
{Heap after GC invocations=23 (full 0):
 garbage-first heap   total 120832K, used 75296K [0x0000000080000000, 0x0000000100000000)
  region size 1024K, 2 young (2048K), 2 survivors (2048K)
 Metaspace       used 59742K, committed 61248K, reserved 1114112K
  class space    used 8431K, committed 9152K, reserved 1048576K
}
Event: 47.546 GC heap before
{Heap before GC invocations=23 (full 0):
 garbage-first heap   total 120832K, used 111136K [0x0000000080000000, 0x0000000100000000)
  region size 1024K, 37 young (37888K), 2 survivors (2048K)
 Metaspace       used 59863K, committed 61312K, reserved 1114112K
  class space    used 8431K, committed 9152K, reserved 1048576K
}
Event: 47.551 GC heap after
{Heap after GC invocations=24 (full 0):
 garbage-first heap   total 120832K, used 75220K [0x0000000080000000, 0x0000000100000000)
  region size 1024K, 2 young (2048K), 2 survivors (2048K)
 Metaspace       used 59863K, committed 61312K, reserved 1114112K
  class space    used 8431K, committed 9152K, reserved 1048576K
}
Event: 48.178 GC heap before
{Heap before GC invocations=25 (full 0):
 garbage-first heap   total 126976K, used 112084K [0x0000000080000000, 0x0000000100000000)
  region size 1024K, 38 young (38912K), 2 survivors (2048K)
 Metaspace       used 59863K, committed 61312K, reserved 1114112K
  class space    used 8431K, committed 9152K, reserved 1048576K
}
Event: 48.186 GC heap after
{Heap after GC invocations=26 (full 0):
 garbage-first heap   total 126976K, used 75741K [0x0000000080000000, 0x0000000100000000)
  region size 1024K, 3 young (3072K), 3 survivors (3072K)
 Metaspace       used 59863K, committed 61312K, reserved 1114112K
  class space    used 8431K, committed 9152K, reserved 1048576K
}
Event: 48.649 GC heap before
{Heap before GC invocations=26 (full 0):
 garbage-first heap   total 126976K, used 119773K [0x0000000080000000, 0x0000000100000000)
  region size 1024K, 45 young (46080K), 3 survivors (3072K)
 Metaspace       used 59876K, committed 61312K, reserved 1114112K
  class space    used 8431K, committed 9152K, reserved 1048576K
}
Event: 48.655 GC heap after
{Heap after GC invocations=27 (full 0):
 garbage-first heap   total 152576K, used 75713K [0x0000000080000000, 0x0000000100000000)
  region size 1024K, 3 young (3072K), 3 survivors (3072K)
 Metaspace       used 59876K, committed 61312K, reserved 1114112K
  class space    used 8431K, committed 9152K, reserved 1048576K
}
Event: 49.164 GC heap before
{Heap before GC invocations=27 (full 0):
 garbage-first heap   total 152576K, used 143297K [0x0000000080000000, 0x0000000100000000)
  region size 1024K, 69 young (70656K), 3 survivors (3072K)
 Metaspace       used 59881K, committed 61312K, reserved 1114112K
  class space    used 8431K, committed 9152K, reserved 1048576K
}
Event: 49.170 GC heap after
{Heap after GC invocations=28 (full 0):
 garbage-first heap   total 152576K, used 76256K [0x0000000080000000, 0x0000000100000000)
  region size 1024K, 3 young (3072K), 3 survivors (3072K)
 Metaspace       used 59881K, committed 61312K, reserved 1114112K
  class space    used 8431K, committed 9152K, reserved 1048576K
}
Event: 49.811 GC heap before
{Heap before GC invocations=28 (full 0):
 garbage-first heap   total 152576K, used 143840K [0x0000000080000000, 0x0000000100000000)
  region size 1024K, 69 young (70656K), 3 survivors (3072K)
 Metaspace       used 59891K, committed 61376K, reserved 1114112K
  class space    used 8431K, committed 9152K, reserved 1048576K
}
Event: 49.817 GC heap after
{Heap after GC invocations=29 (full 0):
 garbage-first heap   total 152576K, used 77081K [0x0000000080000000, 0x0000000100000000)
  region size 1024K, 4 young (4096K), 4 survivors (4096K)
 Metaspace       used 59891K, committed 61376K, reserved 1114112K
  class space    used 8431K, committed 9152K, reserved 1048576K
}
Event: 50.382 GC heap before
{Heap before GC invocations=29 (full 0):
 garbage-first heap   total 152576K, used 143641K [0x0000000080000000, 0x0000000100000000)
  region size 1024K, 69 young (70656K), 4 survivors (4096K)
 Metaspace       used 59923K, committed 61376K, reserved 1114112K
  class space    used 8431K, committed 9152K, reserved 1048576K
}
Event: 50.389 GC heap after
{Heap after GC invocations=30 (full 0):
 garbage-first heap   total 152576K, used 77446K [0x0000000080000000, 0x0000000100000000)
  region size 1024K, 5 young (5120K), 5 survivors (5120K)
 Metaspace       used 59923K, committed 61376K, reserved 1114112K
  class space    used 8431K, committed 9152K, reserved 1048576K
}
Event: 51.088 GC heap before
{Heap before GC invocations=31 (full 0):
 garbage-first heap   total 152576K, used 142982K [0x0000000080000000, 0x0000000100000000)
  region size 1024K, 69 young (70656K), 5 survivors (5120K)
 Metaspace       used 59945K, committed 61376K, reserved 1114112K
  class space    used 8431K, committed 9152K, reserved 1048576K
}
Event: 51.095 GC heap after
{Heap after GC invocations=32 (full 0):
 garbage-first heap   total 152576K, used 78235K [0x0000000080000000, 0x0000000100000000)
  region size 1024K, 5 young (5120K), 5 survivors (5120K)
 Metaspace       used 59945K, committed 61376K, reserved 1114112K
  class space    used 8431K, committed 9152K, reserved 1048576K
}
Event: 51.628 GC heap before
{Heap before GC invocations=32 (full 0):
 garbage-first heap   total 152576K, used 143771K [0x0000000080000000, 0x0000000100000000)
  region size 1024K, 69 young (70656K), 5 survivors (5120K)
 Metaspace       used 59978K, committed 61440K, reserved 1114112K
  class space    used 8431K, committed 9152K, reserved 1048576K
}
Event: 51.636 GC heap after
{Heap after GC invocations=33 (full 0):
 garbage-first heap   total 152576K, used 77830K [0x0000000080000000, 0x0000000100000000)
  region size 1024K, 6 young (6144K), 6 survivors (6144K)
 Metaspace       used 59978K, committed 61440K, reserved 1114112K
  class space    used 8431K, committed 9152K, reserved 1048576K
}

Dll operation events (3 events):
Event: 0.020 Loaded shared library C:\Program Files\Android\Android Studio\jbr\bin\java.dll
Event: 0.036 Loaded shared library C:\Program Files\Android\Android Studio\jbr\bin\zip.dll
Event: 7.303 Loaded shared library C:\Program Files\Android\Android Studio\jbr\bin\verify.dll

Deoptimization events (20 events):
Event: 51.709 Thread 0x00000191b590c840 DEOPT PACKING pc=0x000001919bf667cf sp=0x0000004addff3470
Event: 51.709 Thread 0x00000191b590c840 DEOPT UNPACKING pc=0x00000191a2b64b42 sp=0x0000004addff2b80 mode 0
Event: 51.711 Thread 0x00000191b590c840 DEOPT PACKING pc=0x000001919bf667cf sp=0x0000004addff3470
Event: 51.711 Thread 0x00000191b590c840 DEOPT UNPACKING pc=0x00000191a2b64b42 sp=0x0000004addff2b80 mode 0
Event: 51.724 Thread 0x00000191b590c840 DEOPT PACKING pc=0x000001919bf65f92 sp=0x0000004addff3470
Event: 51.724 Thread 0x00000191b590c840 DEOPT UNPACKING pc=0x00000191a2b64b42 sp=0x0000004addff2b80 mode 0
Event: 51.728 Thread 0x00000191b590c840 DEOPT PACKING pc=0x000001919bf65f92 sp=0x0000004addff3470
Event: 51.728 Thread 0x00000191b590c840 DEOPT UNPACKING pc=0x00000191a2b64b42 sp=0x0000004addff2b80 mode 0
Event: 51.741 Thread 0x00000191b590c840 Uncommon trap: trap_request=0xffffff45 fr.pc=0x00000191a33c5578 relative=0x0000000000001078
Event: 51.741 Thread 0x00000191b590c840 Uncommon trap: reason=unstable_if action=reinterpret pc=0x00000191a33c5578 method=org.objectweb.asm.ClassReader.readElementValue(Lorg/objectweb/asm/AnnotationVisitor;ILjava/lang/String;[C)I @ 454 c2
Event: 51.741 Thread 0x00000191b590c840 DEOPT PACKING pc=0x00000191a33c5578 sp=0x0000004addff37c0
Event: 51.741 Thread 0x00000191b590c840 DEOPT UNPACKING pc=0x00000191a2b643a2 sp=0x0000004addff3740 mode 2
Event: 51.744 Thread 0x00000191b590c840 DEOPT PACKING pc=0x000001919bf667cf sp=0x0000004addff3470
Event: 51.744 Thread 0x00000191b590c840 DEOPT UNPACKING pc=0x00000191a2b64b42 sp=0x0000004addff2b80 mode 0
Event: 51.762 Thread 0x00000191b590c840 DEOPT PACKING pc=0x000001919bf65f92 sp=0x0000004addff3470
Event: 51.762 Thread 0x00000191b590c840 DEOPT UNPACKING pc=0x00000191a2b64b42 sp=0x0000004addff2b80 mode 0
Event: 51.764 Thread 0x00000191b590c840 DEOPT PACKING pc=0x000001919bf65f92 sp=0x0000004addff3470
Event: 51.764 Thread 0x00000191b590c840 DEOPT UNPACKING pc=0x00000191a2b64b42 sp=0x0000004addff2b80 mode 0
Event: 51.779 Thread 0x00000191b590c840 DEOPT PACKING pc=0x000001919bf667cf sp=0x0000004addff3470
Event: 51.779 Thread 0x00000191b590c840 DEOPT UNPACKING pc=0x00000191a2b64b42 sp=0x0000004addff2b80 mode 0

Classes loaded (20 events):
Event: 44.964 Loading class sun/nio/ch/Streams
Event: 44.964 Loading class sun/nio/ch/Streams done
Event: 44.964 Loading class sun/nio/ch/ChannelOutputStream
Event: 44.965 Loading class sun/nio/ch/ChannelOutputStream done
Event: 44.965 Loading class java/util/DualPivotQuicksort
Event: 44.966 Loading class java/util/DualPivotQuicksort done
Event: 45.973 Loading class sun/nio/ch/ChannelInputStream
Event: 45.973 Loading class sun/nio/ch/ChannelInputStream done
Event: 46.429 Loading class java/nio/charset/UnsupportedCharsetException
Event: 46.429 Loading class java/nio/charset/UnsupportedCharsetException done
Event: 46.432 Loading class java/util/Collections$UnmodifiableSortedMap
Event: 46.432 Loading class java/util/Collections$UnmodifiableSortedMap done
Event: 46.433 Loading class java/util/zip/Deflater
Event: 46.435 Loading class java/util/zip/Deflater done
Event: 46.436 Loading class java/util/zip/Deflater$DeflaterZStreamRef
Event: 46.436 Loading class java/util/zip/Deflater$DeflaterZStreamRef done
Event: 46.504 Loading class java/nio/StringCharBuffer
Event: 46.505 Loading class java/nio/StringCharBuffer done
Event: 46.515 Loading class java/security/Key
Event: 46.515 Loading class java/security/Key done

Classes unloaded (0 events):
No events

Classes redefined (0 events):
No events

Internal exceptions (20 events):
Event: 46.462 Thread 0x00000191b590c840 Exception <a 'sun/nio/fs/WindowsException'{0x00000000867c5b40}> (0x00000000867c5b40) 
thrown [s\src\hotspot\share\prims\jni.cpp, line 537]
Event: 46.462 Thread 0x00000191b590c840 Exception <a 'sun/nio/fs/WindowsException'{0x00000000867c7a30}> (0x00000000867c7a30) 
thrown [s\src\hotspot\share\prims\jni.cpp, line 537]
Event: 46.462 Thread 0x00000191b590c840 Exception <a 'sun/nio/fs/WindowsException'{0x00000000867c9ba0}> (0x00000000867c9ba0) 
thrown [s\src\hotspot\share\prims\jni.cpp, line 537]
Event: 46.463 Thread 0x00000191b590c840 Exception <a 'sun/nio/fs/WindowsException'{0x00000000867cbe48}> (0x00000000867cbe48) 
thrown [s\src\hotspot\share\prims\jni.cpp, line 537]
Event: 46.475 Thread 0x00000191b590c840 Exception <a 'sun/nio/fs/WindowsException'{0x00000000867daa70}> (0x00000000867daa70) 
thrown [s\src\hotspot\share\prims\jni.cpp, line 537]
Event: 46.475 Thread 0x00000191b590c840 Exception <a 'sun/nio/fs/WindowsException'{0x00000000867dcc38}> (0x00000000867dcc38) 
thrown [s\src\hotspot\share\prims\jni.cpp, line 537]
Event: 46.482 Thread 0x00000191b590c840 Exception <a 'sun/nio/fs/WindowsException'{0x00000000867dfdc0}> (0x00000000867dfdc0) 
thrown [s\src\hotspot\share\prims\jni.cpp, line 537]
Event: 47.450 Thread 0x00000191b79d84d0 Exception <a 'sun/nio/fs/WindowsException'{0x00000000858bf748}> (0x00000000858bf748) 
thrown [s\src\hotspot\share\prims\jni.cpp, line 537]
Event: 47.470 Thread 0x00000191b79d84d0 Exception <a 'sun/nio/fs/WindowsException'{0x0000000085511608}> (0x0000000085511608) 
thrown [s\src\hotspot\share\prims\jni.cpp, line 537]
Event: 47.470 Thread 0x00000191b79d84d0 Exception <a 'sun/nio/fs/WindowsException'{0x00000000855124d8}> (0x00000000855124d8) 
thrown [s\src\hotspot\share\prims\jni.cpp, line 537]
Event: 47.470 Thread 0x00000191b79d84d0 Exception <a 'sun/nio/fs/WindowsException'{0x0000000085513628}> (0x0000000085513628) 
thrown [s\src\hotspot\share\prims\jni.cpp, line 537]
Event: 47.471 Thread 0x00000191b79d84d0 Exception <a 'sun/nio/fs/WindowsException'{0x00000000855148b0}> (0x00000000855148b0) 
thrown [s\src\hotspot\share\prims\jni.cpp, line 537]
Event: 47.475 Thread 0x00000191b79d84d0 Exception <a 'sun/nio/fs/WindowsException'{0x000000008551e030}> (0x000000008551e030) 
thrown [s\src\hotspot\share\prims\jni.cpp, line 537]
Event: 47.475 Thread 0x00000191b79d84d0 Exception <a 'sun/nio/fs/WindowsException'{0x000000008551f1c0}> (0x000000008551f1c0) 
thrown [s\src\hotspot\share\prims\jni.cpp, line 537]
Event: 47.479 Thread 0x00000191b79d84d0 Exception <a 'sun/nio/fs/WindowsException'{0x00000000855254f0}> (0x00000000855254f0) 
thrown [s\src\hotspot\share\prims\jni.cpp, line 537]
Event: 47.481 Thread 0x00000191b79d84d0 Exception <a 'sun/nio/fs/WindowsException'{0x0000000085529520}> (0x0000000085529520) 
thrown [s\src\hotspot\share\prims\jni.cpp, line 537]
Event: 47.481 Thread 0x00000191b79d84d0 Exception <a 'sun/nio/fs/WindowsException'{0x000000008552a708}> (0x000000008552a708) 
thrown [s\src\hotspot\share\prims\jni.cpp, line 537]
Event: 47.481 Thread 0x00000191b79d84d0 Exception <a 'sun/nio/fs/WindowsException'{0x000000008552bb30}> (0x000000008552bb30) 
thrown [s\src\hotspot\share\prims\jni.cpp, line 537]
Event: 47.503 Thread 0x00000191b79d84d0 Exception <a 'sun/nio/fs/WindowsException'{0x000000008553f2c8}> (0x000000008553f2c8) 
thrown [s\src\hotspot\share\prims\jni.cpp, line 537]
Event: 50.965 Thread 0x00000191b590c840 Implicit null exception at 0x00000191a3488ede to 0x00000191a34890b8

ZGC Phase Switch (0 events):
No events

VM Operations (20 events):
Event: 47.764 Executing VM operation: G1PauseCleanup
Event: 47.765 Executing VM operation: G1PauseCleanup done
Event: 48.178 Executing VM operation: G1CollectForAllocation (G1 Evacuation Pause)
Event: 48.186 Executing VM operation: G1CollectForAllocation (G1 Evacuation Pause) done
Event: 48.649 Executing VM operation: G1CollectForAllocation (G1 Evacuation Pause)
Event: 48.655 Executing VM operation: G1CollectForAllocation (G1 Evacuation Pause) done
Event: 49.164 Executing VM operation: G1CollectForAllocation (G1 Evacuation Pause)
Event: 49.170 Executing VM operation: G1CollectForAllocation (G1 Evacuation Pause) done
Event: 49.811 Executing VM operation: G1CollectForAllocation (G1 Evacuation Pause)
Event: 49.817 Executing VM operation: G1CollectForAllocation (G1 Evacuation Pause) done
Event: 50.382 Executing VM operation: G1CollectForAllocation (G1 Evacuation Pause)
Event: 50.389 Executing VM operation: G1CollectForAllocation (G1 Evacuation Pause) done
Event: 50.537 Executing VM operation: G1PauseRemark
Event: 50.545 Executing VM operation: G1PauseRemark done
Event: 50.608 Executing VM operation: G1PauseCleanup
Event: 50.609 Executing VM operation: G1PauseCleanup done
Event: 51.088 Executing VM operation: G1CollectForAllocation (G1 Evacuation Pause)
Event: 51.095 Executing VM operation: G1CollectForAllocation (G1 Evacuation Pause) done
Event: 51.627 Executing VM operation: G1CollectForAllocation (G1 Evacuation Pause)
Event: 51.636 Executing VM operation: G1CollectForAllocation (G1 Evacuation Pause) done

Memory protections (0 events):
No events

Nmethod flushes (20 events):
Event: 50.544 Thread 0x00000191af487360 flushing  nmethod 0x000001919bffdf10
Event: 50.544 Thread 0x00000191af487360 flushing  nmethod 0x000001919c002290
Event: 50.544 Thread 0x00000191af487360 flushing  nmethod 0x000001919c023010
Event: 50.544 Thread 0x00000191af487360 flushing  nmethod 0x000001919c023a90
Event: 50.544 Thread 0x00000191af487360 flushing  nmethod 0x000001919c023f90
Event: 50.544 Thread 0x00000191af487360 flushing  nmethod 0x000001919c024b10
Event: 50.544 Thread 0x00000191af487360 flushing  nmethod 0x000001919c025010
Event: 50.544 Thread 0x00000191af487360 flushing  nmethod 0x000001919c025a90
Event: 50.544 Thread 0x00000191af487360 flushing osr nmethod 0x000001919c026c10
Event: 50.544 Thread 0x00000191af487360 flushing  nmethod 0x000001919c028a10
Event: 50.544 Thread 0x00000191af487360 flushing  nmethod 0x000001919c034510
Event: 50.544 Thread 0x00000191af487360 flushing  nmethod 0x000001919c034a90
Event: 50.544 Thread 0x00000191af487360 flushing  nmethod 0x000001919c035590
Event: 50.544 Thread 0x00000191af487360 flushing  nmethod 0x000001919c035b10
Event: 50.544 Thread 0x00000191af487360 flushing  nmethod 0x000001919c036110
Event: 50.544 Thread 0x00000191af487360 flushing  nmethod 0x000001919c036490
Event: 50.544 Thread 0x00000191af487360 flushing  nmethod 0x000001919c037890
Event: 50.544 Thread 0x00000191af487360 flushing  nmethod 0x000001919c038890
Event: 50.544 Thread 0x00000191af487360 flushing  nmethod 0x000001919c04d910
Event: 50.544 Thread 0x00000191af487360 flushing  nmethod 0x000001919c04de10

Events (20 events):
Event: 17.127 Thread 0x00000191b590c840 Thread added: 0x00000191b79dac30
Event: 38.485 Thread 0x00000191b590c840 Thread added: 0x00000191b79dda20
Event: 38.494 Thread 0x00000191b590c840 Thread added: 0x00000191b79d9880
Event: 38.564 Thread 0x00000191af5216a0 Thread added: 0x00000191b4156d70
Event: 39.093 Thread 0x00000191b4156d70 Thread exited: 0x00000191b4156d70
Event: 40.238 Thread 0x00000191b590c840 Thread added: 0x00000191b79d9f10
Event: 40.238 Thread 0x00000191b590c840 Thread added: 0x00000191b79db2c0
Event: 40.238 Thread 0x00000191b590c840 Thread added: 0x00000191b79da5a0
Event: 40.238 Thread 0x00000191b590c840 Thread added: 0x00000191b79dc670
Event: 40.632 Thread 0x00000191af5216a0 Thread added: 0x00000191b4156d70
Event: 41.166 Thread 0x00000191b4156d70 Thread exited: 0x00000191b4156d70
Event: 41.555 Thread 0x00000191af5216a0 Thread added: 0x00000191b69ad0f0
Event: 42.720 Thread 0x00000191b590c840 Thread added: 0x00000191b79db950
Event: 42.759 Thread 0x00000191b590c840 Thread added: 0x00000191b79de740
Event: 43.484 Thread 0x00000191b590c840 Thread added: 0x00000191b79dbfe0
Event: 43.558 Thread 0x00000191b590c840 Thread added: 0x00000191b79dedd0
Event: 44.633 Thread 0x00000191b590c840 Thread added: 0x00000191b79d8b60
Event: 44.634 Thread 0x00000191b590c840 Thread added: 0x00000191b79df460
Event: 45.866 Thread 0x00000191b590c840 Thread added: 0x00000191b79d84d0
Event: 45.869 Thread 0x00000191b590c840 Thread added: 0x00000191b91e32c0


Dynamic libraries:
0x00007ff651380000 - 0x00007ff65138a000 	C:\Program Files\Android\Android Studio\jbr\bin\java.exe
0x00007ff96c8d0000 - 0x00007ff96cac8000 	C:\Windows\SYSTEM32\ntdll.dll
0x00007ff96bd30000 - 0x00007ff96bdf2000 	C:\Windows\System32\KERNEL32.DLL
0x00007ff96a210000 - 0x00007ff96a506000 	C:\Windows\System32\KERNELBASE.dll
0x00007ff96a540000 - 0x00007ff96a640000 	C:\Windows\System32\ucrtbase.dll
0x00007ff963600000 - 0x00007ff963618000 	C:\Program Files\Android\Android Studio\jbr\bin\jli.dll
0x00007ff96c630000 - 0x00007ff96c7d1000 	C:\Windows\System32\USER32.dll
0x00007ff964670000 - 0x00007ff96468b000 	C:\Program Files\Android\Android Studio\jbr\bin\VCRUNTIME140.dll
0x00007ff954a50000 - 0x00007ff954ceb000 	C:\Windows\WinSxS\amd64_microsoft.windows.common-controls_6595b64144ccf1df_6.0.19041.6456_none_60b8a6cb71f64256\COMCTL32.dll
0x00007ff96c530000 - 0x00007ff96c5ce000 	C:\Windows\System32\msvcrt.dll
0x00007ff96a690000 - 0x00007ff96a6b2000 	C:\Windows\System32\win32u.dll
0x00007ff96b7c0000 - 0x00007ff96b7eb000 	C:\Windows\System32\GDI32.dll
0x00007ff96a7d0000 - 0x00007ff96a8e9000 	C:\Windows\System32\gdi32full.dll
0x00007ff96a0c0000 - 0x00007ff96a15d000 	C:\Windows\System32\msvcp_win.dll
0x00007ff96b980000 - 0x00007ff96b9af000 	C:\Windows\System32\IMM32.DLL
0x00007ff966100000 - 0x00007ff96610c000 	C:\Program Files\Android\Android Studio\jbr\bin\vcruntime140_1.dll
0x00007ff932c20000 - 0x00007ff932cad000 	C:\Program Files\Android\Android Studio\jbr\bin\msvcp140.dll
0x00007ff91ab40000 - 0x00007ff91b7d6000 	C:\Program Files\Android\Android Studio\jbr\bin\server\jvm.dll
0x00007ff96b700000 - 0x00007ff96b7b1000 	C:\Windows\System32\ADVAPI32.dll
0x00007ff96b860000 - 0x00007ff96b8ff000 	C:\Windows\System32\sechost.dll
0x00007ff96b3a0000 - 0x00007ff96b4c0000 	C:\Windows\System32\RPCRT4.dll
0x00007ff96a510000 - 0x00007ff96a537000 	C:\Windows\System32\bcrypt.dll
0x00007ff96b900000 - 0x00007ff96b96b000 	C:\Windows\System32\WS2_32.dll
0x00007ff969dc0000 - 0x00007ff969e0b000 	C:\Windows\SYSTEM32\POWRPROF.dll
0x00007ff95f360000 - 0x00007ff95f387000 	C:\Windows\SYSTEM32\WINMM.dll
0x00007ff95f390000 - 0x00007ff95f39a000 	C:\Windows\SYSTEM32\VERSION.dll
0x00007ff969da0000 - 0x00007ff969db2000 	C:\Windows\SYSTEM32\UMPDC.dll
0x00007ff967dd0000 - 0x00007ff967de2000 	C:\Windows\SYSTEM32\kernel.appcore.dll
0x00007ff964370000 - 0x00007ff96437a000 	C:\Program Files\Android\Android Studio\jbr\bin\jimage.dll
0x00007ff95f580000 - 0x00007ff95f781000 	C:\Windows\SYSTEM32\DBGHELP.DLL
0x00007ff94c580000 - 0x00007ff94c5b4000 	C:\Windows\SYSTEM32\dbgcore.DLL
0x00007ff96a6c0000 - 0x00007ff96a742000 	C:\Windows\System32\bcryptPrimitives.dll
0x00007ff9635f0000 - 0x00007ff9635fe000 	C:\Program Files\Android\Android Studio\jbr\bin\instrument.dll
0x00007ff964090000 - 0x00007ff9640b0000 	C:\Program Files\Android\Android Studio\jbr\bin\java.dll
0x00007ff964070000 - 0x00007ff964088000 	C:\Program Files\Android\Android Studio\jbr\bin\zip.dll
0x00007ff96abb0000 - 0x00007ff96b320000 	C:\Windows\System32\SHELL32.dll
0x00007ff967fd0000 - 0x00007ff968775000 	C:\Windows\SYSTEM32\windows.storage.dll
0x00007ff96b9b0000 - 0x00007ff96bd04000 	C:\Windows\System32\combase.dll
0x00007ff9698b0000 - 0x00007ff9698db000 	C:\Windows\SYSTEM32\Wldp.dll
0x00007ff96a9a0000 - 0x00007ff96aa6d000 	C:\Windows\System32\OLEAUT32.dll
0x00007ff96a8f0000 - 0x00007ff96a99d000 	C:\Windows\System32\SHCORE.dll
0x00007ff96be00000 - 0x00007ff96be5b000 	C:\Windows\System32\shlwapi.dll
0x00007ff969e90000 - 0x00007ff969eb4000 	C:\Windows\SYSTEM32\profapi.dll
0x00007ff964360000 - 0x00007ff964370000 	C:\Program Files\Android\Android Studio\jbr\bin\net.dll
0x00007ff95d260000 - 0x00007ff95d36a000 	C:\Windows\SYSTEM32\WINHTTP.dll
0x00007ff969610000 - 0x00007ff96967a000 	C:\Windows\system32\mswsock.dll
0x00007ff964050000 - 0x00007ff964066000 	C:\Program Files\Android\Android Studio\jbr\bin\nio.dll
0x00007ff963580000 - 0x00007ff963590000 	C:\Program Files\Android\Android Studio\jbr\bin\verify.dll
0x00007ff963620000 - 0x00007ff963647000 	C:\Users\Ivan\.gradle\native\1def1411415f61bf3af743bc5b6707747c0891f09f0c88961ee8f79bc544acac\windows-amd64\native-platform.dll
0x00007ff93b360000 - 0x00007ff93b3d8000 	C:\Users\Ivan\.gradle\native\0.2.7\x86_64-windows-gnu\gradle-fileevents.dll
0x00007ff963ed0000 - 0x00007ff963ed9000 	C:\Program Files\Android\Android Studio\jbr\bin\management.dll
0x00007ff963af0000 - 0x00007ff963afb000 	C:\Program Files\Android\Android Studio\jbr\bin\management_ext.dll
0x00007ff96be60000 - 0x00007ff96be68000 	C:\Windows\System32\PSAPI.DLL
0x00007ff9692f0000 - 0x00007ff96932b000 	C:\Windows\SYSTEM32\IPHLPAPI.DLL
0x00007ff96b7f0000 - 0x00007ff96b7f8000 	C:\Windows\System32\NSI.dll
0x00007ff963ee0000 - 0x00007ff963ee9000 	C:\Program Files\Android\Android Studio\jbr\bin\extnet.dll
0x00007ff969800000 - 0x00007ff969818000 	C:\Windows\SYSTEM32\CRYPTSP.dll
0x00007ff968f30000 - 0x00007ff968f68000 	C:\Windows\system32\rsaenh.dll
0x00007ff969e10000 - 0x00007ff969e3e000 	C:\Windows\SYSTEM32\USERENV.dll
0x00007ff969820000 - 0x00007ff96982c000 	C:\Windows\SYSTEM32\CRYPTBASE.dll
0x00007ff963ef0000 - 0x00007ff963ef7000 	C:\Windows\system32\wshunix.dll
0x00007ff969180000 - 0x00007ff9691b3000 	C:\Windows\SYSTEM32\ntmarta.dll

JVMTI agents:
C:\Users\Ivan\.gradle\wrapper\dists\gradle-8.13-bin\5xuhj0ry160q40clulazy9h7d\gradle-8.13\lib\agents\gradle-instrumentation-agent-8.13.jar path:C:\Program Files\Android\Android Studio\jbr\bin\instrument.dll, loaded, initialized, instrumentlib options:none

dbghelp: loaded successfully - version: 4.0.5 - missing functions: none
symbol engine: initialized successfully - sym options: 0x614 - pdb path: .;C:\Program Files\Android\Android Studio\jbr\bin;C:\Windows\SYSTEM32;C:\Windows\WinSxS\amd64_microsoft.windows.common-controls_6595b64144ccf1df_6.0.19041.6456_none_60b8a6cb71f64256;C:\Program Files\Android\Android Studio\jbr\bin\server;C:\Users\Ivan\.gradle\native\1def1411415f61bf3af743bc5b6707747c0891f09f0c88961ee8f79bc544acac\windows-amd64;C:\Users\Ivan\.gradle\native\0.2.7\x86_64-windows-gnu

VM Arguments:
jvm_args: --add-opens=java.base/java.lang=ALL-UNNAMED --add-opens=java.base/java.lang.invoke=ALL-UNNAMED --add-opens=java.base/java.util=ALL-UNNAMED --add-opens=java.prefs/java.util.prefs=ALL-UNNAMED --add-exports=jdk.compiler/com.sun.tools.javac.api=ALL-UNNAMED --add-exports=jdk.compiler/com.sun.tools.javac.util=ALL-UNNAMED --add-opens=java.base/java.util=ALL-UNNAMED --add-opens=java.prefs/java.util.prefs=ALL-UNNAMED --add-opens=java.base/java.nio.charset=ALL-UNNAMED --add-opens=java.base/java.net=ALL-UNNAMED --add-opens=java.base/java.util.concurrent.atomic=ALL-UNNAMED --add-opens=java.xml/javax.xml.namespace=ALL-UNNAMED -Xmx2048m -Dfile.encoding=UTF-8 -Duser.country=RU -Duser.language=ru -Duser.variant -javaagent:C:\Users\Ivan\.gradle\wrapper\dists\gradle-8.13-bin\5xuhj0ry160q40clulazy9h7d\gradle-8.13\lib\agents\gradle-instrumentation-agent-8.13.jar 
java_command: org.gradle.launcher.daemon.bootstrap.GradleDaemon 8.13
java_class_path (initial): C:\Users\Ivan\.gradle\wrapper\dists\gradle-8.13-bin\5xuhj0ry160q40clulazy9h7d\gradle-8.13\lib\gradle-daemon-main-8.13.jar
Launcher Type: SUN_STANDARD

[Global flags]
     intx CICompilerCount                          = 3                                         {product} {ergonomic}
     uint ConcGCThreads                            = 1                                         {product} {ergonomic}
     uint G1ConcRefinementThreads                  = 4                                         {product} {ergonomic}
   size_t G1HeapRegionSize                         = 1048576                                   {product} {ergonomic}
    uintx GCDrainStackTargetSize                   = 64                                        {product} {ergonomic}
   size_t InitialHeapSize                          = 234881024                                 {product} {ergonomic}
   size_t MarkStackSize                            = 4194304                                   {product} {ergonomic}
   size_t MaxHeapSize                              = 2147483648                                {product} {command line}
   size_t MaxNewSize                               = 1287651328                                {product} {ergonomic}
   size_t MinHeapDeltaBytes                        = 1048576                                   {product} {ergonomic}
   size_t MinHeapSize                              = 8388608                                   {product} {ergonomic}
    uintx NonNMethodCodeHeapSize                   = 5832780                                {pd product} {ergonomic}
    uintx NonProfiledCodeHeapSize                  = 122912730                              {pd product} {ergonomic}
    uintx ProfiledCodeHeapSize                     = 122912730                              {pd product} {ergonomic}
    uintx ReservedCodeCacheSize                    = 251658240                              {pd product} {ergonomic}
     bool SegmentedCodeCache                       = true                                      {product} {ergonomic}
   size_t SoftMaxHeapSize                          = 2147483648                             {manageable} {ergonomic}
     bool UseCompressedOops                        = true                           {product lp64_product} {ergonomic}
     bool UseG1GC                                  = true                                      {product} {ergonomic}
     bool UseLargePagesIndividualAllocation        = false                                  {pd product} {ergonomic}

Logging:
Log output configuration:
 #0: stdout all=warning uptime,level,tags foldmultilines=false
 #1: stderr all=off uptime,level,tags foldmultilines=false

Release file:
JAVA_VERSION="21.0.9" 
MODULES="java.base java.compiler java.datatransfer java.xml java.prefs java.desktop java.instrument java.logging java.management java.security.sasl java.naming java.rmi java.management.rmi java.net.http java.scripting java.security.jgss java.transaction.xa java.sql java.sql.rowset java.xml.crypto java.se java.smartcardio jdk.accessibility jdk.internal.jvmstat jdk.attach jdk.charsets jdk.internal.opt jdk.zipfs jdk.compiler jdk.crypto.ec jdk.crypto.cryptoki jdk.dynalink jdk.hotspot.agent jdk.httpserver jdk.internal.ed jdk.internal.le jdk.internal.vm.ci jdk.jartool jdk.javadoc jdk.jcmd jdk.jdeps jdk.jdwp.agent jdk.jdi jdk.jfr jdk.jlink jdk.jsobject jdk.localedata jdk.management jdk.management.agent jdk.management.jfr jdk.naming.dns jdk.naming.rmi jdk.net jdk.sctp jdk.security.auth jdk.security.jgss jdk.unsupported jdk.unsupported.desktop jdk.xml.dom" 
IMPLEMENTOR="JetBrains s.r.o." 
JAVA_RUNTIME_VERSION="21.0.9+-14787801-b1163.94" 
LIBC="default" 
OS_ARCH="x86_64" 
OS_NAME="Windows" 
SOURCE=".:git:0c757ddc9f2f" 

Environment Variables:
PATH=C:\Program Files\Google\Chrome\Application;C:\Windows\system32;C:\Windows;C:\Windows\System32\Wbem;C:\Windows\System32\WindowsPowerShell\v1.0\;C:\Windows\System32\OpenSSH\;C:\Program Files\Microsoft SQL Server\150\Tools\Binn\;C:\Program Files (x86)\Common Files\Acronis\SnapAPI\;C:\Program Files\Microsoft SQL Server\Client SDK\ODBC\170\Tools\Binn\;D:\Windows Kits\10\Windows Performance Toolkit\;C:\Program Files\Git\cmd;C:\Program Files\dotnet\;C:\Users\Ivan\AppData\Local\Microsoft\WindowsApps;C:\Users\Ivan\.dotnet\tools
USERNAME=Ivan
OS=Windows_NT
PROCESSOR_IDENTIFIER=AMD64 Family 23 Model 24 Stepping 1, AuthenticAMD
TMP=C:\Users\Ivan\AppData\Local\Temp
TEMP=C:\Users\Ivan\AppData\Local\Temp




Periodic native trim disabled

JNI global refs:
JNI global refs: 28, weak refs: 12

JNI global refs memory usage: 835, weak refs: 833

Process memory usage:
Resident Set Size: 364196K (2% of 14621516K total physical memory with 6087800K free physical memory)

OOME stack traces (most recent first):
Classloader memory used:
Loader org.gradle.internal.classloader.VisitableURLClassLoader                         : 28557K
Loader bootstrap                                                                       : 23005K
Loader org.gradle.initialization.MixInLegacyTypesClassLoader                           : 6659K
Loader org.gradle.internal.classloader.VisitableURLClassLoader                         : 753K
Loader jdk.internal.loader.ClassLoaders$PlatformClassLoader                            : 537K
Loader jdk.internal.loader.ClassLoaders$AppClassLoader                                 : 235K
Loader jdk.internal.reflect.DelegatingClassLoader                                      : 192K
Loader org.gradle.groovy.scripts.internal.DefaultScriptCompilationHandler$ScriptClassLoader: 37680B
Loader org.codehaus.groovy.runtime.callsite.CallSiteClassLoader                        : 7232B

Classes loaded by more than one classloader:
Class org.gradle.internal.IoActions                                                   : loaded 3 times (x 71B)
Class org.gradle.api.Action                                                           : loaded 3 times (x 70B)
Class org.gradle.api.GradleException                                                  : loaded 3 times (x 82B)
Class org.gradle.api.internal.classpath.ManifestUtil                                  : loaded 2 times (x 71B)
Class org.gradle.internal.operations.MultipleBuildOperationFailures                   : loaded 2 times (x 95B)
Class org.gradle.internal.classloader.DefaultClassLoaderFactory                       : loaded 2 times (x 82B)
Class kotlin.collections.AbstractList$Companion                                       : loaded 2 times (x 71B)
Class org.gradle.internal.classloader.ClassLoaderVisitor                              : loaded 2 times (x 76B)
Class org.gradle.api.internal.classpath.EffectiveClassPath                            : loaded 2 times (x 90B)
Class org.gradle.api.internal.DefaultClassPathProvider                                : loaded 2 times (x 76B)
Class [Lorg.gradle.api.internal.ClassPathProvider;                                    : loaded 2 times (x 69B)
Class org.gradle.api.internal.ClassPathProvider                                       : loaded 2 times (x 70B)
Class org.gradle.internal.service.UnknownServiceException                             : loaded 2 times (x 83B)
Class org.gradle.internal.classpath.TransformedClassPath                              : loaded 2 times (x 96B)
Class org.gradle.internal.classloader.InstrumentingClassLoader                        : loaded 2 times (x 70B)
Class kotlin.enums.EnumEntriesList                                                    : loaded 2 times (x 223B)
Class org.gradle.internal.service.ServiceLocator                                      : loaded 2 times (x 70B)
Class org.gradle.internal.InternalTransformer                                         : loaded 2 times (x 70B)
Class org.gradle.internal.time.DefaultTimer                                           : loaded 2 times (x 80B)
Class org.gradle.internal.classloader.ClasspathUtil$1                                 : loaded 2 times (x 76B)
Class org.gradle.api.internal.classpath.DefaultModuleRegistry$DefaultModule           : loaded 2 times (x 86B)
Class org.gradle.internal.time.DefaultCountdownTimer                                  : loaded 2 times (x 88B)
Class org.gradle.api.internal.classpath.Module                                        : loaded 2 times (x 70B)
Class org.gradle.api.internal.classpath.UnknownModuleException                        : loaded 2 times (x 82B)
Class org.gradle.api.internal.DefaultClassPathRegistry                                : loaded 2 times (x 76B)
Class org.gradle.api.internal.ClassPathRegistry                                       : loaded 2 times (x 70B)
Class org.gradle.internal.classpath.DefaultClassPath$ImmutableUniqueList              : loaded 2 times (x 199B)
Class org.gradle.internal.classpath.ClassPath                                         : loaded 2 times (x 70B)
Class org.gradle.internal.classloader.ClassLoaderHierarchy                            : loaded 2 times (x 70B)
Class kotlin.UninitializedPropertyAccessException                                     : loaded 2 times (x 82B)
Class org.gradle.internal.installation.GradleInstallation$1                           : loaded 2 times (x 75B)
Class org.gradle.api.internal.classpath.ModuleRegistry                                : loaded 2 times (x 70B)
Class org.gradle.api.internal.classpath.DefaultModuleRegistry                         : loaded 2 times (x 86B)
Class org.gradle.internal.time.MonotonicClock                                         : loaded 2 times (x 77B)
Class org.gradle.internal.service.ServiceLookupException                              : loaded 2 times (x 82B)
Class org.gradle.internal.classloader.ClassLoaderFactory                              : loaded 2 times (x 70B)
Class org.gradle.internal.service.CachingServiceLocator                               : loaded 2 times (x 82B)
Class org.gradle.internal.time.TimeSource                                             : loaded 2 times (x 70B)
Class kotlin.enums.EnumEntries                                                        : loaded 2 times (x 70B)
Class org.gradle.internal.exceptions.ResolutionProvider                               : loaded 2 times (x 70B)
Class org.gradle.internal.classloader.ClasspathUtil                                   : loaded 2 times (x 71B)
Class org.gradle.internal.time.TimeSource$1                                           : loaded 2 times (x 77B)
Class org.gradle.api.specs.Spec                                                       : loaded 2 times (x 70B)
Class org.gradle.internal.time.Clock                                                  : loaded 2 times (x 70B)
Class kotlin.collections.AbstractList                                                 : loaded 2 times (x 197B)
Class kotlin.collections.AbstractCollection                                           : loaded 2 times (x 117B)
Class org.gradle.internal.classloader.VisitableURLClassLoader$InstrumentingVisitableURLClassLoader: loaded 2 times (x 123B)
Class org.gradle.internal.classloader.VisitableURLClassLoader$Spec                    : loaded 2 times (x 74B)
Class org.gradle.internal.classpath.DefaultClassPath                                  : loaded 2 times (x 90B)
Class org.gradle.util.internal.DefaultGradleVersion                                   : loaded 2 times (x 82B)
Class org.gradle.internal.classloader.ClassLoaderSpec                                 : loaded 2 times (x 71B)
Class org.gradle.internal.classloader.VisitableURLClassLoader                         : loaded 2 times (x 117B)
Class org.gradle.internal.classloader.FilteringClassLoader                            : loaded 2 times (x 105B)
Class org.gradle.internal.Cast                                                        : loaded 2 times (x 71B)
Class org.gradle.internal.classpath.DefaultClassPath$ImmutableUniqueList$Builder      : loaded 2 times (x 75B)
Class org.gradle.api.UncheckedIOException                                             : loaded 2 times (x 82B)
Class org.gradle.internal.exceptions.NonGradleCauseExceptionsHolder                   : loaded 2 times (x 70B)
Class kotlin.NotImplementedError                                                      : loaded 2 times (x 82B)
Class kotlin.enums.EnumEntriesKt                                                      : loaded 2 times (x 71B)
Class org.gradle.internal.classloader.SystemClassLoaderSpec                           : loaded 2 times (x 71B)
Class org.gradle.internal.exceptions.MultiCauseException                              : loaded 2 times (x 70B)
Class org.gradle.internal.time.CountdownTimer                                         : loaded 2 times (x 70B)
Class kotlin.jvm.internal.Intrinsics                                                  : loaded 2 times (x 71B)
Class org.gradle.tooling.model.ProjectModel                                           : loaded 2 times (x 70B)
Class kotlin.KotlinNullPointerException                                               : loaded 2 times (x 83B)
Class org.gradle.internal.exceptions.DefaultMultiCauseException                       : loaded 2 times (x 95B)
Class org.gradle.internal.time.Time                                                   : loaded 2 times (x 71B)
Class org.gradle.api.internal.classpath.GlobalCacheRootsProvider                      : loaded 2 times (x 70B)
Class kotlin.NoWhenBranchMatchedException                                             : loaded 2 times (x 82B)
Class org.gradle.internal.time.Timer                                                  : loaded 2 times (x 70B)
Class kotlin.jvm.internal.markers.KMappedMarker                                       : loaded 2 times (x 70B)
Class org.gradle.internal.installation.CurrentGradleInstallationLocator               : loaded 2 times (x 71B)
Class org.gradle.internal.service.DefaultServiceLocator                               : loaded 2 times (x 83B)
Class org.gradle.util.GradleVersion                                                   : loaded 2 times (x 81B)
Class org.gradle.internal.installation.CurrentGradleInstallation                      : loaded 2 times (x 73B)
Class org.gradle.util.internal.GUtil                                                  : loaded 2 times (x 71B)
Class org.gradle.internal.installation.GradleInstallation                             : loaded 2 times (x 75B)

---------------  S Y S T E M  ---------------

OS:
 Windows 10 , 64 bit Build 19041 (10.0.19041.5915)
OS uptime: 0 days 2:40 hours

CPU: total 4 (initial active 4) (4 cores per cpu, 2 threads per core) family 23 model 24 stepping 1 microcode 0x0, cx8, cmov, fxsr, ht, mmx, 3dnowpref, sse, sse2, sse3, ssse3, sse4a, sse4.1, sse4.2, popcnt, lzcnt, tsc, tscinvbit, avx, avx2, aes, clmul, bmi1, bmi2, adx, sha, fma, vzeroupper, clflush, clflushopt, rdtscp, f16c
Processor Information for the first 4 processors :
  Max Mhz: 2400, Current Mhz: 2400, Mhz Limit: 2400

Memory: 4k page, system-wide physical 14278M (5957M free)
TotalPageFile size 16454M (AvailPageFile size 6896M)
current process WorkingSet (physical memory assigned to process): 355M, peak: 365M
current process commit charge ("private bytes"): 382M, peak: 394M

vm_info: OpenJDK 64-Bit Server VM (21.0.9+-14787801-b1163.94) for windows-amd64 JRE (21.0.9+-14787801-b1163.94), built on 2026-01-27T21:15:44Z by "builder" with MS VC++ 16.10 / 16.11 (VS2019)

END.
